2023-03-28 22:18:17.956  INFO [32m[][0;39m 1660 --- [background-preinit] o.h.validator.internal.util.Version      : HV000001: Hibernate Validator 6.2.5.Final
2023-03-28 22:18:17.956  INFO [32m[][0;39m 1660 --- [restartedMain] com.demo.StartSpringBootApplication      : Starting StartSpringBootApplication using Java 11.0.18 on Jijia with PID 1660 (F:\自动备份\Wrokspace\Java\microboot\microboot-web\build\classes\java\main started by 64466 in F:\自动备份\Wrokspace\Java\microboot)
2023-03-28 22:18:17.957  INFO [32m[][0;39m 1660 --- [restartedMain] com.demo.StartSpringBootApplication      : No active profile set, falling back to 1 default profile: "default"
2023-03-28 22:18:17.987  INFO [32m[][0;39m 1660 --- [restartedMain] .e.DevToolsPropertyDefaultsPostProcessor : Devtools property defaults active! Set 'spring.devtools.add-properties' to 'false' to disable
2023-03-28 22:18:17.988  INFO [32m[][0;39m 1660 --- [restartedMain] .e.DevToolsPropertyDefaultsPostProcessor : For additional web related logging consider setting the 'logging.level.web' property to 'DEBUG'
2023-03-28 22:18:18.930  WARN [33m[][0;39m 1660 --- [restartedMain] io.undertow.websockets.jsr               : UT026010: Buffer pool was not set on WebSocketDeploymentInfo, the default pool will be used
2023-03-28 22:18:18.944  INFO [32m[][0;39m 1660 --- [restartedMain] io.undertow.servlet                      : Initializing Spring embedded WebApplicationContext
2023-03-28 22:18:18.944  INFO [32m[][0;39m 1660 --- [restartedMain] w.s.c.ServletWebServerApplicationContext : Root WebApplicationContext: initialization completed in 956 ms
2023-03-28 22:18:19.584  INFO [32m[][0;39m 1660 --- [restartedMain] o.s.b.d.a.OptionalLiveReloadServer       : LiveReload server is running on port 35729
2023-03-28 22:18:19.608  INFO [32m[][0;39m 1660 --- [restartedMain] io.undertow                              : starting server: Undertow - 2.2.23.Final
2023-03-28 22:18:19.612  INFO [32m[][0;39m 1660 --- [restartedMain] org.xnio                                 : XNIO version 3.8.7.Final
2023-03-28 22:18:19.615  INFO [32m[][0;39m 1660 --- [restartedMain] org.xnio.nio                             : XNIO NIO Implementation Version 3.8.7.Final
2023-03-28 22:18:19.644  INFO [32m[][0;39m 1660 --- [restartedMain] org.jboss.threads                        : JBoss Threads version 3.1.0.Final
2023-03-28 22:18:19.676  INFO [32m[][0;39m 1660 --- [restartedMain] o.s.b.w.e.undertow.UndertowWebServer     : Undertow started on port(s) 80 (http)
2023-03-28 22:18:19.754  INFO [32m[][0;39m 1660 --- [restartedMain] io.undertow.servlet                      : Initializing Spring embedded WebApplicationContext
2023-03-28 22:18:19.754  INFO [32m[][0;39m 1660 --- [restartedMain] w.s.c.ServletWebServerApplicationContext : Root WebApplicationContext: initialization completed in 75 ms
2023-03-28 22:18:19.768  INFO [32m[][0;39m 1660 --- [restartedMain] o.s.b.a.e.web.EndpointLinksResolver      : Exposing 14 endpoint(s) beneath base path '/actuator'
2023-03-28 22:18:19.814  INFO [32m[][0;39m 1660 --- [restartedMain] io.undertow                              : starting server: Undertow - 2.2.23.Final
2023-03-28 22:18:19.828  INFO [32m[][0;39m 1660 --- [restartedMain] o.s.b.w.e.undertow.UndertowWebServer     : Undertow started on port(s) 9090 (http)
2023-03-28 22:18:19.845  INFO [32m[][0;39m 1660 --- [restartedMain] com.demo.StartSpringBootApplication      : Started StartSpringBootApplication in 2.235 seconds (JVM running for 3.101)
2023-03-28 22:18:20.624  INFO [32m[][0;39m 1660 --- [RMI TCP Connection(2)-172.20.17.214] io.undertow.servlet                      : Initializing Spring DispatcherServlet 'dispatcherServlet'
2023-03-28 22:18:20.625  INFO [32m[][0;39m 1660 --- [RMI TCP Connection(2)-172.20.17.214] o.s.web.servlet.DispatcherServlet        : Initializing Servlet 'dispatcherServlet'
2023-03-28 22:18:20.626  INFO [32m[][0;39m 1660 --- [RMI TCP Connection(2)-172.20.17.214] o.s.web.servlet.DispatcherServlet        : Completed initialization in 1 ms
2023-03-28 22:19:19.249  INFO [32m[][0;39m 1660 --- [SpringApplicationShutdownHook] io.undertow                              : stopping server: Undertow - 2.2.23.Final
2023-03-28 22:19:19.258  INFO [32m[][0;39m 1660 --- [SpringApplicationShutdownHook] io.undertow                              : stopping server: Undertow - 2.2.23.Final
2023-03-28 22:19:19.260  INFO [32m[][0;39m 1660 --- [SpringApplicationShutdownHook] io.undertow.servlet                      : Destroying Spring FrameworkServlet 'dispatcherServlet'
2023-03-28 22:19:21.899  INFO [32m[][0;39m 18524 --- [restartedMain] com.demo.StartSpringBootApplication      : Starting StartSpringBootApplication using Java 11.0.18 on Jijia with PID 18524 (F:\自动备份\Wrokspace\Java\microboot\microboot-web\build\classes\java\main started by 64466 in F:\自动备份\Wrokspace\Java\microboot)
2023-03-28 22:19:21.900  INFO [32m[][0;39m 18524 --- [restartedMain] com.demo.StartSpringBootApplication      : No active profile set, falling back to 1 default profile: "default"
2023-03-28 22:19:21.904  INFO [32m[][0;39m 18524 --- [background-preinit] o.h.validator.internal.util.Version      : HV000001: Hibernate Validator 6.2.5.Final
2023-03-28 22:19:21.930  INFO [32m[][0;39m 18524 --- [restartedMain] .e.DevToolsPropertyDefaultsPostProcessor : Devtools property defaults active! Set 'spring.devtools.add-properties' to 'false' to disable
2023-03-28 22:19:21.930  INFO [32m[][0;39m 18524 --- [restartedMain] .e.DevToolsPropertyDefaultsPostProcessor : For additional web related logging consider setting the 'logging.level.web' property to 'DEBUG'
2023-03-28 22:19:23.083  WARN [33m[][0;39m 18524 --- [restartedMain] io.undertow.websockets.jsr               : UT026010: Buffer pool was not set on WebSocketDeploymentInfo, the default pool will be used
2023-03-28 22:19:23.100  INFO [32m[][0;39m 18524 --- [restartedMain] io.undertow.servlet                      : Initializing Spring embedded WebApplicationContext
2023-03-28 22:19:23.100  INFO [32m[][0;39m 18524 --- [restartedMain] w.s.c.ServletWebServerApplicationContext : Root WebApplicationContext: initialization completed in 1169 ms
2023-03-28 22:19:23.825  INFO [32m[][0;39m 18524 --- [restartedMain] o.s.b.d.a.OptionalLiveReloadServer       : LiveReload server is running on port 35729
2023-03-28 22:19:23.848  INFO [32m[][0;39m 18524 --- [restartedMain] io.undertow                              : starting server: Undertow - 2.2.23.Final
2023-03-28 22:19:23.852  INFO [32m[][0;39m 18524 --- [restartedMain] org.xnio                                 : XNIO version 3.8.7.Final
2023-03-28 22:19:23.856  INFO [32m[][0;39m 18524 --- [restartedMain] org.xnio.nio                             : XNIO NIO Implementation Version 3.8.7.Final
2023-03-28 22:19:23.879  INFO [32m[][0;39m 18524 --- [restartedMain] org.jboss.threads                        : JBoss Threads version 3.1.0.Final
2023-03-28 22:19:23.907  INFO [32m[][0;39m 18524 --- [restartedMain] o.s.b.w.e.undertow.UndertowWebServer     : Undertow started on port(s) 80 (http)
2023-03-28 22:19:23.966  INFO [32m[][0;39m 18524 --- [restartedMain] io.undertow.servlet                      : Initializing Spring embedded WebApplicationContext
2023-03-28 22:19:23.966  INFO [32m[][0;39m 18524 --- [restartedMain] w.s.c.ServletWebServerApplicationContext : Root WebApplicationContext: initialization completed in 56 ms
2023-03-28 22:19:23.975  INFO [32m[][0;39m 18524 --- [restartedMain] o.s.b.a.e.web.EndpointLinksResolver      : Exposing 14 endpoint(s) beneath base path '/actuator'
2023-03-28 22:19:24.004  INFO [32m[][0;39m 18524 --- [restartedMain] io.undertow                              : starting server: Undertow - 2.2.23.Final
2023-03-28 22:19:24.014  INFO [32m[][0;39m 18524 --- [restartedMain] o.s.b.w.e.undertow.UndertowWebServer     : Undertow started on port(s) 9090 (http)
2023-03-28 22:19:24.026  INFO [32m[][0;39m 18524 --- [restartedMain] com.demo.StartSpringBootApplication      : Started StartSpringBootApplication in 2.488 seconds (JVM running for 3.239)
2023-03-28 22:19:24.133  INFO [32m[][0;39m 18524 --- [RMI TCP Connection(1)-172.20.17.214] io.undertow.servlet                      : Initializing Spring DispatcherServlet 'dispatcherServlet'
2023-03-28 22:19:24.134  INFO [32m[][0;39m 18524 --- [RMI TCP Connection(1)-172.20.17.214] o.s.web.servlet.DispatcherServlet        : Initializing Servlet 'dispatcherServlet'
2023-03-28 22:19:24.135  INFO [32m[][0;39m 18524 --- [RMI TCP Connection(1)-172.20.17.214] o.s.web.servlet.DispatcherServlet        : Completed initialization in 1 ms
2023-03-28 22:19:33.420  INFO [32m[][0;39m 18524 --- [XNIO-1 task-1] com.demo.action.MessageAction            : 接收msg的请求参数，内容为：Message(msg=123, pubdate=Mon Feb 13 00:00:00 CST 2023, email=644@qq.com, level=null, flag=demo-101)
2023-03-28 22:19:33.431 ERROR [31m[][0;39m 18524 --- [XNIO-1 task-1] com.demo.action.MessageAction            : 接收msg的请求参数，内容为：Message(msg=123, pubdate=Mon Feb 13 00:00:00 CST 2023, email=644@qq.com, level=null, flag=demo-101)
2023-03-28 22:19:33.432  WARN [33m[][0;39m 18524 --- [XNIO-1 task-1] com.demo.action.MessageAction            : 接收msg的请求参数，内容为：Message(msg=123, pubdate=Mon Feb 13 00:00:00 CST 2023, email=644@qq.com, level=null, flag=demo-101)
2023-03-28 22:31:43.710  INFO [32m[][0;39m 18524 --- [XNIO-1 task-1] com.demo.action.MessageAction            : 接收msg的请求参数，内容为：Message(msg=123, pubdate=Mon Feb 13 00:00:00 CST 2023, email=644@qq.com, level=null, flag=demo-101)
2023-03-28 22:31:43.711 ERROR [31m[][0;39m 18524 --- [XNIO-1 task-1] com.demo.action.MessageAction            : 接收msg的请求参数，内容为：Message(msg=123, pubdate=Mon Feb 13 00:00:00 CST 2023, email=644@qq.com, level=null, flag=demo-101)
2023-03-28 22:31:43.711  WARN [33m[][0;39m 18524 --- [XNIO-1 task-1] com.demo.action.MessageAction            : 接收msg的请求参数，内容为：Message(msg=123, pubdate=Mon Feb 13 00:00:00 CST 2023, email=644@qq.com, level=null, flag=demo-101)
2023-03-28 22:31:56.120  INFO [32m[][0;39m 18524 --- [SpringApplicationShutdownHook] io.undertow                              : stopping server: Undertow - 2.2.23.Final
2023-03-28 22:31:56.127  INFO [32m[][0;39m 18524 --- [SpringApplicationShutdownHook] io.undertow                              : stopping server: Undertow - 2.2.23.Final
2023-03-28 22:31:56.130  INFO [32m[][0;39m 18524 --- [SpringApplicationShutdownHook] io.undertow.servlet                      : Destroying Spring FrameworkServlet 'dispatcherServlet'
2023-03-28 22:31:59.080  INFO [32m[][0;39m 14656 --- [restartedMain] com.demo.StartSpringBootApplication      : Starting StartSpringBootApplication using Java 11.0.18 on Jijia with PID 14656 (F:\自动备份\Wrokspace\Java\microboot\microboot-web\build\classes\java\main started by 64466 in F:\自动备份\Wrokspace\Java\microboot)
2023-03-28 22:31:59.081  INFO [32m[][0;39m 14656 --- [restartedMain] com.demo.StartSpringBootApplication      : No active profile set, falling back to 1 default profile: "default"
2023-03-28 22:31:59.084  INFO [32m[][0;39m 14656 --- [background-preinit] o.h.validator.internal.util.Version      : HV000001: Hibernate Validator 6.2.5.Final
2023-03-28 22:31:59.115  INFO [32m[][0;39m 14656 --- [restartedMain] .e.DevToolsPropertyDefaultsPostProcessor : Devtools property defaults active! Set 'spring.devtools.add-properties' to 'false' to disable
2023-03-28 22:31:59.116  INFO [32m[][0;39m 14656 --- [restartedMain] .e.DevToolsPropertyDefaultsPostProcessor : For additional web related logging consider setting the 'logging.level.web' property to 'DEBUG'
2023-03-28 22:32:00.197  WARN [33m[][0;39m 14656 --- [restartedMain] io.undertow.websockets.jsr               : UT026010: Buffer pool was not set on WebSocketDeploymentInfo, the default pool will be used
2023-03-28 22:32:00.214  INFO [32m[][0;39m 14656 --- [restartedMain] io.undertow.servlet                      : Initializing Spring embedded WebApplicationContext
2023-03-28 22:32:00.215  INFO [32m[][0;39m 14656 --- [restartedMain] w.s.c.ServletWebServerApplicationContext : Root WebApplicationContext: initialization completed in 1099 ms
2023-03-28 22:32:00.943  INFO [32m[][0;39m 14656 --- [restartedMain] o.s.b.d.a.OptionalLiveReloadServer       : LiveReload server is running on port 35729
2023-03-28 22:32:00.967  INFO [32m[][0;39m 14656 --- [restartedMain] io.undertow                              : starting server: Undertow - 2.2.23.Final
2023-03-28 22:32:00.971  INFO [32m[][0;39m 14656 --- [restartedMain] org.xnio                                 : XNIO version 3.8.7.Final
2023-03-28 22:32:00.975  INFO [32m[][0;39m 14656 --- [restartedMain] org.xnio.nio                             : XNIO NIO Implementation Version 3.8.7.Final
2023-03-28 22:32:00.999  INFO [32m[][0;39m 14656 --- [restartedMain] org.jboss.threads                        : JBoss Threads version 3.1.0.Final
2023-03-28 22:32:01.027  INFO [32m[][0;39m 14656 --- [restartedMain] o.s.b.w.e.undertow.UndertowWebServer     : Undertow started on port(s) 80 (http)
2023-03-28 22:32:01.093  INFO [32m[][0;39m 14656 --- [restartedMain] io.undertow.servlet                      : Initializing Spring embedded WebApplicationContext
2023-03-28 22:32:01.093  INFO [32m[][0;39m 14656 --- [restartedMain] w.s.c.ServletWebServerApplicationContext : Root WebApplicationContext: initialization completed in 63 ms
2023-03-28 22:32:01.101  INFO [32m[][0;39m 14656 --- [restartedMain] o.s.b.a.e.web.EndpointLinksResolver      : Exposing 14 endpoint(s) beneath base path '/actuator'
2023-03-28 22:32:01.128  INFO [32m[][0;39m 14656 --- [restartedMain] io.undertow                              : starting server: Undertow - 2.2.23.Final
2023-03-28 22:32:01.136  INFO [32m[][0;39m 14656 --- [restartedMain] o.s.b.w.e.undertow.UndertowWebServer     : Undertow started on port(s) 9090 (http)
2023-03-28 22:32:01.150  INFO [32m[][0;39m 14656 --- [restartedMain] com.demo.StartSpringBootApplication      : Started StartSpringBootApplication in 2.443 seconds (JVM running for 3.286)
2023-03-28 22:32:01.639  INFO [32m[][0;39m 14656 --- [RMI TCP Connection(2)-172.20.17.214] io.undertow.servlet                      : Initializing Spring DispatcherServlet 'dispatcherServlet'
2023-03-28 22:32:01.639  INFO [32m[][0;39m 14656 --- [RMI TCP Connection(2)-172.20.17.214] o.s.web.servlet.DispatcherServlet        : Initializing Servlet 'dispatcherServlet'
2023-03-28 22:32:01.640  INFO [32m[][0;39m 14656 --- [RMI TCP Connection(2)-172.20.17.214] o.s.web.servlet.DispatcherServlet        : Completed initialization in 1 ms
2023-03-28 22:34:14.101  INFO [32m[][0;39m 14656 --- [XNIO-2 task-1] io.undertow.servlet                      : Initializing Spring DispatcherServlet 'dispatcherServlet'
2023-03-28 22:34:14.101  INFO [32m[][0;39m 14656 --- [XNIO-2 task-1] o.s.web.servlet.DispatcherServlet        : Initializing Servlet 'dispatcherServlet'
2023-03-28 22:34:14.102  INFO [32m[][0;39m 14656 --- [XNIO-2 task-1] o.s.web.servlet.DispatcherServlet        : Completed initialization in 1 ms
