2023-05-01 18:20:39.760  INFO [32m[][0;39m 12480 --- [background-preinit] o.h.validator.internal.util.Version      : HV000001: Hibernate Validator 6.2.5.Final
2023-05-01 18:20:39.763  INFO [32m[][0;39m 12480 --- [restartedMain] com.demo.StartSpringBootApplication      : Starting StartSpringBootApplication using Java 11.0.19 on tqy-t01 with PID 12480 (C:\Users\64466\IdeaProjects\microboot\microboot-web\build\classes\java\main started by 64466 in C:\Users\64466\IdeaProjects\microboot)
2023-05-01 18:20:39.765  INFO [32m[][0;39m 12480 --- [restartedMain] com.demo.StartSpringBootApplication      : No active profile set, falling back to 1 default profile: "default"
2023-05-01 18:20:39.811  INFO [32m[][0;39m 12480 --- [restartedMain] .e.DevToolsPropertyDefaultsPostProcessor : Devtools property defaults active! Set 'spring.devtools.add-properties' to 'false' to disable
2023-05-01 18:20:39.811  INFO [32m[][0;39m 12480 --- [restartedMain] .e.DevToolsPropertyDefaultsPostProcessor : For additional web related logging consider setting the 'logging.level.web' property to 'DEBUG'
2023-05-01 18:20:40.666  INFO [32m[][0;39m 12480 --- [restartedMain] .s.d.r.c.RepositoryConfigurationDelegate : Bootstrapping Spring Data JPA repositories in DEFAULT mode.
2023-05-01 18:20:40.696  INFO [32m[][0;39m 12480 --- [restartedMain] .s.d.r.c.RepositoryConfigurationDelegate : Finished Spring Data repository scanning in 23 ms. Found 0 JPA repository interfaces.
2023-05-01 18:20:41.208  WARN [33m[][0;39m 12480 --- [restartedMain] io.undertow.websockets.jsr               : UT026010: Buffer pool was not set on WebSocketDeploymentInfo, the default pool will be used
2023-05-01 18:20:41.223  INFO [32m[][0;39m 12480 --- [restartedMain] io.undertow.servlet                      : Initializing Spring embedded WebApplicationContext
2023-05-01 18:20:41.223  INFO [32m[][0;39m 12480 --- [restartedMain] w.s.c.ServletWebServerApplicationContext : Root WebApplicationContext: initialization completed in 1411 ms
2023-05-01 18:20:41.465  INFO [32m[][0;39m 12480 --- [restartedMain] o.hibernate.jpa.internal.util.LogHelper  : HHH000204: Processing PersistenceUnitInfo [name: default]
2023-05-01 18:20:41.511  INFO [32m[][0;39m 12480 --- [restartedMain] org.hibernate.Version                    : HHH000412: Hibernate ORM core version 5.6.15.Final
2023-05-01 18:20:41.634  INFO [32m[][0;39m 12480 --- [restartedMain] o.hibernate.annotations.common.Version   : HCANN000001: Hibernate Commons Annotations {5.1.2.Final}
2023-05-01 18:20:41.726  INFO [32m[][0;39m 12480 --- [restartedMain] com.zaxxer.hikari.HikariDataSource       : HikariPool-1 - Starting...
2023-05-01 18:20:42.258  INFO [32m[][0;39m 12480 --- [restartedMain] com.zaxxer.hikari.HikariDataSource       : HikariPool-1 - Start completed.
2023-05-01 18:20:42.268  INFO [32m[][0;39m 12480 --- [restartedMain] org.hibernate.dialect.Dialect            : HHH000400: Using dialect: org.hibernate.dialect.MySQL57Dialect
2023-05-01 18:20:42.727  INFO [32m[][0;39m 12480 --- [restartedMain] o.h.e.t.j.p.i.JtaPlatformInitiator       : HHH000490: Using JtaPlatform implementation: [org.hibernate.engine.transaction.jta.platform.internal.NoJtaPlatform]
2023-05-01 18:20:42.737  INFO [32m[][0;39m 12480 --- [restartedMain] j.LocalContainerEntityManagerFactoryBean : Initialized JPA EntityManagerFactory for persistence unit 'default'
2023-05-01 18:20:43.428  WARN [33m[][0;39m 12480 --- [restartedMain] c.b.m.core.metadata.TableInfoHelper      : Can not find table primary key in Class: "com.demo.domain.Customers".
2023-05-01 18:20:43.432  WARN [33m[][0;39m 12480 --- [restartedMain] c.b.m.core.injector.DefaultSqlInjector   : class com.demo.domain.Customers ,Not found @TableId annotation, Cannot use Mybatis-Plus 'xxById' Method.
2023-05-01 18:20:43.650  WARN [33m[][0;39m 12480 --- [restartedMain] JpaBaseConfiguration$JpaWebConfiguration : spring.jpa.open-in-view is enabled by default. Therefore, database queries may be performed during view rendering. Explicitly configure spring.jpa.open-in-view to disable this warning
2023-05-01 18:20:44.221  INFO [32m[][0;39m 12480 --- [restartedMain] o.s.b.d.a.OptionalLiveReloadServer       : LiveReload server is running on port 35729
2023-05-01 18:20:44.225  INFO [32m[][0;39m 12480 --- [restartedMain] o.s.b.a.e.web.EndpointLinksResolver      : Exposing 1 endpoint(s) beneath base path '/actuator'
2023-05-01 18:20:44.259  INFO [32m[][0;39m 12480 --- [restartedMain] io.undertow                              : starting server: Undertow - 2.2.23.Final
2023-05-01 18:20:44.263  INFO [32m[][0;39m 12480 --- [restartedMain] org.xnio                                 : XNIO version 3.8.7.Final
2023-05-01 18:20:44.268  INFO [32m[][0;39m 12480 --- [restartedMain] org.xnio.nio                             : XNIO NIO Implementation Version 3.8.7.Final
2023-05-01 18:20:44.294  INFO [32m[][0;39m 12480 --- [restartedMain] org.jboss.threads                        : JBoss Threads version 3.1.0.Final
2023-05-01 18:20:44.323  INFO [32m[][0;39m 12480 --- [restartedMain] o.s.b.w.e.undertow.UndertowWebServer     : Undertow started on port(s) 80 (http)
2023-05-01 18:20:44.335  INFO [32m[][0;39m 12480 --- [restartedMain] com.demo.StartSpringBootApplication      : Started StartSpringBootApplication in 5.021 seconds (JVM running for 6.312)
2023-05-01 18:20:45.148  INFO [32m[][0;39m 12480 --- [RMI TCP Connection(2)-172.20.17.214] io.undertow.servlet                      : Initializing Spring DispatcherServlet 'dispatcherServlet'
2023-05-01 18:20:45.148  INFO [32m[][0;39m 12480 --- [RMI TCP Connection(2)-172.20.17.214] o.s.web.servlet.DispatcherServlet        : Initializing Servlet 'dispatcherServlet'
2023-05-01 18:20:45.149  INFO [32m[][0;39m 12480 --- [RMI TCP Connection(2)-172.20.17.214] o.s.web.servlet.DispatcherServlet        : Completed initialization in 1 ms
2023-05-01 18:21:30.060  INFO [32m[][0;39m 12480 --- [XNIO-1 task-1] com.demo.interceptor.MDCInterceptor      : MDC操作记录开始：requestId = e4b97942-03f9-4357-9440-d9d85b8d0cb8
2023-05-01 18:21:30.060  INFO [32m[][0;39m 12480 --- [XNIO-1 task-1] com.demo.interceptor.MDCInterceptor      : requestId = e4b97942-03f9-4357-9440-d9d85b8d0cb8 , client = 127.0.0.1 , X-Forwarded-For = null
2023-05-01 18:21:30.235  WARN [33m[][0;39m 12480 --- [XNIO-1 task-1] .m.m.a.ExceptionHandlerExceptionResolver : Resolved [org.springframework.validation.BindException: org.springframework.validation.BeanPropertyBindingResult: 4 errors<EOL>Field error in object 'message' on field 'flag': rejected value [null]; codes [NotBlank.message.flag,NotBlank.flag,NotBlank.java.lang.String,NotBlank]; arguments [org.springframework.context.support.DefaultMessageSourceResolvable: codes [message.flag,flag]; arguments []; default message [flag]]; default message ["消息标记不允许为空！"]<EOL>Field error in object 'message' on field 'email': rejected value [null]; codes [NotBlank.message.email,NotBlank.email,NotBlank.java.lang.String,NotBlank]; arguments [org.springframework.context.support.DefaultMessageSourceResolvable: codes [message.email,email]; arguments []; default message [email]]; default message ["邮箱不能为空"]<EOL>Field error in object 'message' on field 'flag': rejected value [null]; codes [RegexValidator.message.flag,RegexValidator.flag,RegexValidator.java.lang.String,RegexValidator]; arguments [org.springframework.context.support.DefaultMessageSourceResolvable: codes [message.flag,flag]; arguments []; default message [flag],[a-zA-Z]{1,5}-\d{1,3}]; default message ["正则验证有误！"]<EOL>Field error in object 'message' on field 'pubdate': rejected value [null]; codes [NotNull.message.pubdate,NotNull.pubdate,NotNull.java.util.Date,NotNull]; arguments [org.springframework.context.support.DefaultMessageSourceResolvable: codes [message.pubdate,pubdate]; arguments []; default message [pubdate]]; default message ["发布时间不能为空"]]
2023-05-01 18:21:50.187  INFO [32m[][0;39m 12480 --- [XNIO-1 task-1] com.demo.interceptor.MDCInterceptor      : MDC操作记录开始：requestId = 89e3cb5d-2a94-4192-a765-0b82a8400d59
2023-05-01 18:21:50.187  INFO [32m[][0;39m 12480 --- [XNIO-1 task-1] com.demo.interceptor.MDCInterceptor      : requestId = 89e3cb5d-2a94-4192-a765-0b82a8400d59 , client = 127.0.0.1 , X-Forwarded-For = null
2023-05-01 18:21:50.191  WARN [33m[][0;39m 12480 --- [XNIO-1 task-1] .m.m.a.ExceptionHandlerExceptionResolver : Resolved [org.springframework.validation.BindException: org.springframework.validation.BeanPropertyBindingResult: 3 errors<EOL>Field error in object 'message' on field 'flag': rejected value [null]; codes [NotBlank.message.flag,NotBlank.flag,NotBlank.java.lang.String,NotBlank]; arguments [org.springframework.context.support.DefaultMessageSourceResolvable: codes [message.flag,flag]; arguments []; default message [flag]]; default message ["消息标记不允许为空！"]<EOL>Field error in object 'message' on field 'flag': rejected value [null]; codes [RegexValidator.message.flag,RegexValidator.flag,RegexValidator.java.lang.String,RegexValidator]; arguments [org.springframework.context.support.DefaultMessageSourceResolvable: codes [message.flag,flag]; arguments []; default message [flag],[a-zA-Z]{1,5}-\d{1,3}]; default message ["正则验证有误！"]<EOL>Field error in object 'message' on field 'pubdate': rejected value [null]; codes [NotNull.message.pubdate,NotNull.pubdate,NotNull.java.util.Date,NotNull]; arguments [org.springframework.context.support.DefaultMessageSourceResolvable: codes [message.pubdate,pubdate]; arguments []; default message [pubdate]]; default message ["发布时间不能为空"]]
2023-05-01 18:22:03.160  INFO [32m[][0;39m 12480 --- [XNIO-1 task-1] com.demo.interceptor.MDCInterceptor      : MDC操作记录开始：requestId = 2a7c4f4b-5c5a-4943-818a-9112f4d7ec71
2023-05-01 18:22:03.160  INFO [32m[][0;39m 12480 --- [XNIO-1 task-1] com.demo.interceptor.MDCInterceptor      : requestId = 2a7c4f4b-5c5a-4943-818a-9112f4d7ec71 , client = 127.0.0.1 , X-Forwarded-For = null
2023-05-01 18:22:03.164  WARN [33m[][0;39m 12480 --- [XNIO-1 task-1] .m.m.a.ExceptionHandlerExceptionResolver : Resolved [org.springframework.validation.BindException: org.springframework.validation.BeanPropertyBindingResult: 2 errors<EOL>Field error in object 'message' on field 'flag': rejected value [null]; codes [NotBlank.message.flag,NotBlank.flag,NotBlank.java.lang.String,NotBlank]; arguments [org.springframework.context.support.DefaultMessageSourceResolvable: codes [message.flag,flag]; arguments []; default message [flag]]; default message ["消息标记不允许为空！"]<EOL>Field error in object 'message' on field 'flag': rejected value [null]; codes [RegexValidator.message.flag,RegexValidator.flag,RegexValidator.java.lang.String,RegexValidator]; arguments [org.springframework.context.support.DefaultMessageSourceResolvable: codes [message.flag,flag]; arguments []; default message [flag],[a-zA-Z]{1,5}-\d{1,3}]; default message ["正则验证有误！"]]
2023-05-01 18:22:46.105  INFO [32m[][0;39m 12480 --- [File Watcher] rtingClassPathChangeChangedEventListener : Restarting due to 1 class path change (0 additions, 1 deletion, 0 modifications)
2023-05-01 18:22:46.108  INFO [32m[][0;39m 12480 --- [Thread-5] io.undertow                              : stopping server: Undertow - 2.2.23.Final
2023-05-01 18:22:46.112  INFO [32m[][0;39m 12480 --- [Thread-5] io.undertow.servlet                      : Destroying Spring FrameworkServlet 'dispatcherServlet'
2023-05-01 18:22:46.119  INFO [32m[][0;39m 12480 --- [Thread-5] j.LocalContainerEntityManagerFactoryBean : Closing JPA EntityManagerFactory for persistence unit 'default'
2023-05-01 18:22:46.123  INFO [32m[][0;39m 12480 --- [Thread-5] com.zaxxer.hikari.HikariDataSource       : HikariPool-1 - Shutdown initiated...
2023-05-01 18:22:46.131  INFO [32m[][0;39m 12480 --- [Thread-5] com.zaxxer.hikari.HikariDataSource       : HikariPool-1 - Shutdown completed.
2023-05-01 18:22:46.233  INFO [32m[][0;39m 12480 --- [restartedMain] com.demo.StartSpringBootApplication      : Starting StartSpringBootApplication using Java 11.0.19 on tqy-t01 with PID 12480 (C:\Users\64466\IdeaProjects\microboot\microboot-web\build\classes\java\main started by 64466 in C:\Users\64466\IdeaProjects\microboot)
2023-05-01 18:22:46.233  INFO [32m[][0;39m 12480 --- [restartedMain] com.demo.StartSpringBootApplication      : No active profile set, falling back to 1 default profile: "default"
2023-05-01 18:22:46.636  INFO [32m[][0;39m 12480 --- [restartedMain] .s.d.r.c.RepositoryConfigurationDelegate : Bootstrapping Spring Data JPA repositories in DEFAULT mode.
2023-05-01 18:22:46.650  INFO [32m[][0;39m 12480 --- [restartedMain] .s.d.r.c.RepositoryConfigurationDelegate : Finished Spring Data repository scanning in 13 ms. Found 0 JPA repository interfaces.
2023-05-01 18:22:46.809  WARN [33m[][0;39m 12480 --- [restartedMain] io.undertow.websockets.jsr               : UT026010: Buffer pool was not set on WebSocketDeploymentInfo, the default pool will be used
2023-05-01 18:22:46.810  INFO [32m[][0;39m 12480 --- [restartedMain] io.undertow.servlet                      : Initializing Spring embedded WebApplicationContext
2023-05-01 18:22:46.810  INFO [32m[][0;39m 12480 --- [restartedMain] w.s.c.ServletWebServerApplicationContext : Root WebApplicationContext: initialization completed in 573 ms
2023-05-01 18:22:46.908  INFO [32m[][0;39m 12480 --- [restartedMain] o.hibernate.jpa.internal.util.LogHelper  : HHH000204: Processing PersistenceUnitInfo [name: default]
2023-05-01 18:22:46.915  INFO [32m[][0;39m 12480 --- [restartedMain] com.zaxxer.hikari.HikariDataSource       : HikariPool-2 - Starting...
2023-05-01 18:22:47.223  INFO [32m[][0;39m 12480 --- [restartedMain] com.zaxxer.hikari.HikariDataSource       : HikariPool-2 - Start completed.
2023-05-01 18:22:47.224  INFO [32m[][0;39m 12480 --- [restartedMain] org.hibernate.dialect.Dialect            : HHH000400: Using dialect: org.hibernate.dialect.MySQL57Dialect
2023-05-01 18:22:47.479  INFO [32m[][0;39m 12480 --- [restartedMain] o.h.e.t.j.p.i.JtaPlatformInitiator       : HHH000490: Using JtaPlatform implementation: [org.hibernate.engine.transaction.jta.platform.internal.NoJtaPlatform]
2023-05-01 18:22:47.480  INFO [32m[][0;39m 12480 --- [restartedMain] j.LocalContainerEntityManagerFactoryBean : Initialized JPA EntityManagerFactory for persistence unit 'default'
2023-05-01 18:22:47.834  WARN [33m[][0;39m 12480 --- [restartedMain] c.b.m.core.metadata.TableInfoHelper      : Can not find table primary key in Class: "com.demo.domain.Customers".
2023-05-01 18:22:47.834  WARN [33m[][0;39m 12480 --- [restartedMain] c.b.m.core.injector.DefaultSqlInjector   : class com.demo.domain.Customers ,Not found @TableId annotation, Cannot use Mybatis-Plus 'xxById' Method.
2023-05-01 18:22:47.931  WARN [33m[][0;39m 12480 --- [restartedMain] JpaBaseConfiguration$JpaWebConfiguration : spring.jpa.open-in-view is enabled by default. Therefore, database queries may be performed during view rendering. Explicitly configure spring.jpa.open-in-view to disable this warning
2023-05-01 18:22:48.206  INFO [32m[][0;39m 12480 --- [restartedMain] o.s.b.d.a.OptionalLiveReloadServer       : LiveReload server is running on port 35729
2023-05-01 18:22:48.209  INFO [32m[][0;39m 12480 --- [restartedMain] o.s.b.a.e.web.EndpointLinksResolver      : Exposing 1 endpoint(s) beneath base path '/actuator'
2023-05-01 18:22:48.229  INFO [32m[][0;39m 12480 --- [restartedMain] io.undertow                              : starting server: Undertow - 2.2.23.Final
2023-05-01 18:22:48.239  INFO [32m[][0;39m 12480 --- [restartedMain] o.s.b.w.e.undertow.UndertowWebServer     : Undertow started on port(s) 80 (http)
2023-05-01 18:22:48.245  INFO [32m[][0;39m 12480 --- [restartedMain] com.demo.StartSpringBootApplication      : Started StartSpringBootApplication in 2.056 seconds (JVM running for 130.222)
2023-05-01 18:22:48.247  INFO [32m[][0;39m 12480 --- [restartedMain] .ConditionEvaluationDeltaLoggingListener : Condition evaluation unchanged
2023-05-01 18:22:49.652  INFO [32m[][0;39m 12480 --- [File Watcher] rtingClassPathChangeChangedEventListener : Restarting due to 1 class path change (1 addition, 0 deletions, 0 modifications)
2023-05-01 18:22:49.653  INFO [32m[][0;39m 12480 --- [Thread-7] io.undertow                              : stopping server: Undertow - 2.2.23.Final
2023-05-01 18:22:49.659  INFO [32m[][0;39m 12480 --- [Thread-7] j.LocalContainerEntityManagerFactoryBean : Closing JPA EntityManagerFactory for persistence unit 'default'
2023-05-01 18:22:49.661  INFO [32m[][0;39m 12480 --- [Thread-7] com.zaxxer.hikari.HikariDataSource       : HikariPool-2 - Shutdown initiated...
2023-05-01 18:22:49.669  INFO [32m[][0;39m 12480 --- [Thread-7] com.zaxxer.hikari.HikariDataSource       : HikariPool-2 - Shutdown completed.
2023-05-01 18:22:49.760  INFO [32m[][0;39m 12480 --- [restartedMain] com.demo.StartSpringBootApplication      : Starting StartSpringBootApplication using Java 11.0.19 on tqy-t01 with PID 12480 (C:\Users\64466\IdeaProjects\microboot\microboot-web\build\classes\java\main started by 64466 in C:\Users\64466\IdeaProjects\microboot)
2023-05-01 18:22:49.760  INFO [32m[][0;39m 12480 --- [restartedMain] com.demo.StartSpringBootApplication      : No active profile set, falling back to 1 default profile: "default"
2023-05-01 18:22:50.155  INFO [32m[][0;39m 12480 --- [restartedMain] .s.d.r.c.RepositoryConfigurationDelegate : Bootstrapping Spring Data JPA repositories in DEFAULT mode.
2023-05-01 18:22:50.170  INFO [32m[][0;39m 12480 --- [restartedMain] .s.d.r.c.RepositoryConfigurationDelegate : Finished Spring Data repository scanning in 13 ms. Found 0 JPA repository interfaces.
2023-05-01 18:22:50.307  WARN [33m[][0;39m 12480 --- [restartedMain] io.undertow.websockets.jsr               : UT026010: Buffer pool was not set on WebSocketDeploymentInfo, the default pool will be used
2023-05-01 18:22:50.308  INFO [32m[][0;39m 12480 --- [restartedMain] io.undertow.servlet                      : Initializing Spring embedded WebApplicationContext
2023-05-01 18:22:50.309  INFO [32m[][0;39m 12480 --- [restartedMain] w.s.c.ServletWebServerApplicationContext : Root WebApplicationContext: initialization completed in 547 ms
2023-05-01 18:22:50.423  INFO [32m[][0;39m 12480 --- [restartedMain] o.hibernate.jpa.internal.util.LogHelper  : HHH000204: Processing PersistenceUnitInfo [name: default]
2023-05-01 18:22:50.433  INFO [32m[][0;39m 12480 --- [restartedMain] com.zaxxer.hikari.HikariDataSource       : HikariPool-3 - Starting...
2023-05-01 18:22:50.747  INFO [32m[][0;39m 12480 --- [restartedMain] com.zaxxer.hikari.HikariDataSource       : HikariPool-3 - Start completed.
2023-05-01 18:22:50.747  INFO [32m[][0;39m 12480 --- [restartedMain] org.hibernate.dialect.Dialect            : HHH000400: Using dialect: org.hibernate.dialect.MySQL57Dialect
2023-05-01 18:22:50.983  INFO [32m[][0;39m 12480 --- [restartedMain] o.h.e.t.j.p.i.JtaPlatformInitiator       : HHH000490: Using JtaPlatform implementation: [org.hibernate.engine.transaction.jta.platform.internal.NoJtaPlatform]
2023-05-01 18:22:50.983  INFO [32m[][0;39m 12480 --- [restartedMain] j.LocalContainerEntityManagerFactoryBean : Initialized JPA EntityManagerFactory for persistence unit 'default'
2023-05-01 18:22:51.354  WARN [33m[][0;39m 12480 --- [restartedMain] c.b.m.core.metadata.TableInfoHelper      : Can not find table primary key in Class: "com.demo.domain.Customers".
2023-05-01 18:22:51.354  WARN [33m[][0;39m 12480 --- [restartedMain] c.b.m.core.injector.DefaultSqlInjector   : class com.demo.domain.Customers ,Not found @TableId annotation, Cannot use Mybatis-Plus 'xxById' Method.
2023-05-01 18:22:51.430  WARN [33m[][0;39m 12480 --- [restartedMain] JpaBaseConfiguration$JpaWebConfiguration : spring.jpa.open-in-view is enabled by default. Therefore, database queries may be performed during view rendering. Explicitly configure spring.jpa.open-in-view to disable this warning
2023-05-01 18:22:51.680  INFO [32m[][0;39m 12480 --- [restartedMain] o.s.b.d.a.OptionalLiveReloadServer       : LiveReload server is running on port 35729
2023-05-01 18:22:51.683  INFO [32m[][0;39m 12480 --- [restartedMain] o.s.b.a.e.web.EndpointLinksResolver      : Exposing 1 endpoint(s) beneath base path '/actuator'
2023-05-01 18:22:51.700  INFO [32m[][0;39m 12480 --- [restartedMain] io.undertow                              : starting server: Undertow - 2.2.23.Final
2023-05-01 18:22:51.709  INFO [32m[][0;39m 12480 --- [restartedMain] o.s.b.w.e.undertow.UndertowWebServer     : Undertow started on port(s) 80 (http)
2023-05-01 18:22:51.715  INFO [32m[][0;39m 12480 --- [restartedMain] com.demo.StartSpringBootApplication      : Started StartSpringBootApplication in 1.99 seconds (JVM running for 133.692)
2023-05-01 18:22:51.717  INFO [32m[][0;39m 12480 --- [restartedMain] .ConditionEvaluationDeltaLoggingListener : Condition evaluation unchanged
2023-05-01 18:22:51.791  INFO [32m[][0;39m 12480 --- [XNIO-3 task-1] io.undertow.servlet                      : Initializing Spring DispatcherServlet 'dispatcherServlet'
2023-05-01 18:22:51.791  INFO [32m[][0;39m 12480 --- [XNIO-3 task-1] o.s.web.servlet.DispatcherServlet        : Initializing Servlet 'dispatcherServlet'
2023-05-01 18:22:51.792  INFO [32m[][0;39m 12480 --- [XNIO-3 task-1] o.s.web.servlet.DispatcherServlet        : Completed initialization in 1 ms
2023-05-01 18:22:51.793  INFO [32m[][0;39m 12480 --- [XNIO-3 task-1] com.demo.interceptor.MDCInterceptor      : MDC操作记录开始：requestId = 102b78f6-2b19-444f-b6f1-04faf95be7ee
2023-05-01 18:22:51.793  INFO [32m[][0;39m 12480 --- [XNIO-3 task-1] com.demo.interceptor.MDCInterceptor      : requestId = 102b78f6-2b19-444f-b6f1-04faf95be7ee , client = 127.0.0.1 , X-Forwarded-For = null
2023-05-01 18:22:51.815 ERROR [31m[][0;39m 12480 --- [XNIO-3 task-1] com.demo.action.MessageAction            : 接收msg的请求参数，内容为：Message(msg=123123, pubdate=Mon Jan 23 00:00:00 CST 2023)
2023-05-01 18:22:51.816  WARN [33m[][0;39m 12480 --- [XNIO-3 task-1] com.demo.action.MessageAction            : 接收msg的请求参数，内容为：Message(msg=123123, pubdate=Mon Jan 23 00:00:00 CST 2023)
2023-05-01 18:22:51.824  INFO [32m[][0;39m 12480 --- [XNIO-3 task-1] com.demo.interceptor.MDCInterceptor      : MDC操作记录结束，requestId = 102b78f6-2b19-444f-b6f1-04faf95be7ee
2023-05-01 18:23:05.256  INFO [32m[][0;39m 12480 --- [XNIO-3 task-1] com.demo.interceptor.MDCInterceptor      : MDC操作记录开始：requestId = 2b7c9100-64ac-416c-aaf1-5ecdb63cee67
2023-05-01 18:23:05.256  INFO [32m[][0;39m 12480 --- [XNIO-3 task-1] com.demo.interceptor.MDCInterceptor      : requestId = 2b7c9100-64ac-416c-aaf1-5ecdb63cee67 , client = 127.0.0.1 , X-Forwarded-For = null
2023-05-01 18:23:05.257 ERROR [31m[][0;39m 12480 --- [XNIO-3 task-1] com.demo.action.MessageAction            : 接收msg的请求参数，内容为：Message(msg=爱果, pubdate=Mon Jan 23 00:00:00 CST 2023)
2023-05-01 18:23:05.257  WARN [33m[][0;39m 12480 --- [XNIO-3 task-1] com.demo.action.MessageAction            : 接收msg的请求参数，内容为：Message(msg=爱果, pubdate=Mon Jan 23 00:00:00 CST 2023)
2023-05-01 18:23:05.258  INFO [32m[][0;39m 12480 --- [XNIO-3 task-1] com.demo.interceptor.MDCInterceptor      : MDC操作记录结束，requestId = 2b7c9100-64ac-416c-aaf1-5ecdb63cee67
2023-05-01 18:24:46.829  INFO [32m[][0;39m 12480 --- [XNIO-3 task-1] com.demo.interceptor.MDCInterceptor      : MDC操作记录开始：requestId = 7ecdbeae-98bd-45a3-be1b-1ff09eb6d696
2023-05-01 18:24:46.829  INFO [32m[][0;39m 12480 --- [XNIO-3 task-1] com.demo.interceptor.MDCInterceptor      : requestId = 7ecdbeae-98bd-45a3-be1b-1ff09eb6d696 , client = 127.0.0.1 , X-Forwarded-For = null
2023-05-01 18:24:46.830 ERROR [31m[][0;39m 12480 --- [XNIO-3 task-1] com.demo.action.MessageAction            : 接收msg的请求参数，内容为：Message(msg=爱果, pubdate=Mon Jan 23 00:00:00 CST 2023)
2023-05-01 18:24:46.830  WARN [33m[][0;39m 12480 --- [XNIO-3 task-1] com.demo.action.MessageAction            : 接收msg的请求参数，内容为：Message(msg=爱果, pubdate=Mon Jan 23 00:00:00 CST 2023)
2023-05-01 18:24:46.831  INFO [32m[][0;39m 12480 --- [XNIO-3 task-1] com.demo.interceptor.MDCInterceptor      : MDC操作记录结束，requestId = 7ecdbeae-98bd-45a3-be1b-1ff09eb6d696
2023-05-01 18:27:45.119  INFO [32m[][0;39m 12480 --- [SpringApplicationShutdownHook] io.undertow                              : stopping server: Undertow - 2.2.23.Final
2023-05-01 18:27:45.121  INFO [32m[][0;39m 12480 --- [SpringApplicationShutdownHook] io.undertow.servlet                      : Destroying Spring FrameworkServlet 'dispatcherServlet'
2023-05-01 18:27:45.123  INFO [32m[][0;39m 12480 --- [SpringApplicationShutdownHook] j.LocalContainerEntityManagerFactoryBean : Closing JPA EntityManagerFactory for persistence unit 'default'
2023-05-01 18:27:45.124  INFO [32m[][0;39m 12480 --- [SpringApplicationShutdownHook] com.zaxxer.hikari.HikariDataSource       : HikariPool-3 - Shutdown initiated...
2023-05-01 18:27:45.126  INFO [32m[][0;39m 12480 --- [SpringApplicationShutdownHook] com.zaxxer.hikari.HikariDataSource       : HikariPool-3 - Shutdown completed.
