#
# There is insufficient memory for the Java Runtime Environment to continue.
# Native memory allocation (mmap) failed to map 32212254720 bytes for Failed to commit area from 0x0000001000800000 to 0x0000001780800000 of length 32212254720.
# Possible reasons:
#   The system is out of physical RAM or swap space
#   The process is running with CompressedOops enabled, and the Java Heap may be blocking the growth of the native heap
# Possible solutions:
#   Reduce memory load on the system
#   Increase physical memory or swap space
#   Check if swap backing store is full
#   Decrease Java heap size (-Xmx/-Xms)
#   Decrease number of Java threads
#   Decrease Java thread stack sizes (-Xss)
#   Set larger code cache with -XX:ReservedCodeCacheSize=
# This output file may be truncated or incomplete.
#
#  Out of Memory Error (./src/hotspot/os/windows/os_windows.cpp:3386), pid=9932, tid=12788
#
# JRE version:  (11.0.18+10) (build )
# Java VM: OpenJDK 64-Bit Server VM (11.0.18+10-LTS, mixed mode, sharing, tiered, compressed oops, g1 gc, windows-amd64)
# No core dump will be written. Minidumps are not enabled by default on client versions of Windows
#

---------------  S U M M A R Y ------------

Command Line: -Xms30g -Xss256k -Xlog:gc -XX:+UseG1GC -Xmx30g -XX:TieredStopAtLevel=1 -Xverify:none -Dspring.output.ansi.enabled=always -Dcom.sun.management.jmxremote -Dspring.jmx.enabled=true -Dspring.liveBeansView.mbeanDomain -Dspring.application.admin.enabled=true -javaagent:F:\Program Files\JetBrains\IntelliJ IDEA 2022.2.1\lib\idea_rt.jar=63287:F:\Program Files\JetBrains\IntelliJ IDEA 2022.2.1\bin -Dfile.encoding=UTF-8 com.demo.StartSpringBootApplication

Host: AMD Ryzen 5 3600X 6-Core Processor             , 12 cores, 31G,  Windows 11 , 64 bit Build 22621 (10.0.22621.1344)
Time: Wed Mar 22 18:07:25 2023  Windows 11 , 64 bit Build 22621 (10.0.22621.1344) elapsed time: 0.010807 seconds (0d 0h 0m 0s)

---------------  T H R E A D  ---------------

Current thread (0x000001414df7f800):  JavaThread "Unknown thread" [_thread_in_vm, id=12788, stack(0x0000000100600000,0x0000000100640000)]

Stack: [0x0000000100600000,0x0000000100640000]
Native frames: (J=compiled Java code, j=interpreted, Vv=VM code, C=native code)
V  [jvm.dll+0x622d9a]
V  [jvm.dll+0x7b0289]
V  [jvm.dll+0x7b1978]
V  [jvm.dll+0x7b2053]
V  [jvm.dll+0x24fe08]
V  [jvm.dll+0x6200aa]
V  [jvm.dll+0x614665]
V  [jvm.dll+0x30a3ec]
V  [jvm.dll+0x30a272]
V  [jvm.dll+0x30ef86]
V  [jvm.dll+0x35552f]
V  [jvm.dll+0x354f60]
V  [jvm.dll+0x2e7408]
V  [jvm.dll+0x2e8566]
V  [jvm.dll+0x78a0d7]
V  [jvm.dll+0x78b85f]
V  [jvm.dll+0x362279]
V  [jvm.dll+0x76d040]
V  [jvm.dll+0x3d0bbf]
V  [jvm.dll+0x3d2f51]
C  [jli.dll+0x5207]
C  [ucrtbase.dll+0x29363]
C  [KERNEL32.DLL+0x126bd]
C  [ntdll.dll+0x5a9f8]


---------------  P R O C E S S  ---------------

Threads class SMR info:
_java_thread_list=0x000001414bcc38d0, length=0, elements={
}

Java Threads: ( => current thread )

Other Threads:
  0x000001414df99800 GCTaskThread "GC Thread#0" [stack: 0x0000000100640000,0x0000000100740000] [id=16624]
  0x000001414dfd2000 ConcurrentGCThread "G1 Main Marker" [stack: 0x0000000100740000,0x0000000100840000] [id=15052]
  0x000001414dfd5000 ConcurrentGCThread "G1 Conc#0" [stack: 0x0000000100840000,0x0000000100940000] [id=14176]

[error occurred during error reporting (printing all threads), id 0xc0000005, EXCEPTION_ACCESS_VIOLATION (0xc0000005) at pc=0x00007ff8480f6bd7]

VM state:not at safepoint (not fully initialized)

VM Mutex/Monitor currently owned by a thread:  ([mutex/lock_event])
[0x000001414df7caa0] Heap_lock - owner thread: 0x000001414df7f800

Heap address: 0x0000001000800000, size: 30720 MB, Compressed Oops mode: Non-zero disjoint base: 0x0000001000000000
Narrow klass base: 0x0000000000000000, Narrow klass shift: 0

GC Heap History (0 events):
No events

Deoptimization events (0 events):
No events

Classes redefined (0 events):
No events

Internal exceptions (0 events):
No events

Events (1 events):
Event: 0.007 Loaded shared library F:\Users\64466\.jdks\corretto-11.0.18\bin\zip.dll


Dynamic libraries:
0x00007ff67ef90000 - 0x00007ff67ef9d000 	F:\Users\64466\.jdks\corretto-11.0.18\bin\java.exe
0x00007ff89f650000 - 0x00007ff89f864000 	C:\WINDOWS\SYSTEM32\ntdll.dll
0x00007ff89e500000 - 0x00007ff89e5c3000 	C:\WINDOWS\System32\KERNEL32.DLL
0x00007ff89cef0000 - 0x00007ff89d28c000 	C:\WINDOWS\System32\KERNELBASE.dll
0x00007ff89cd30000 - 0x00007ff89ce41000 	C:\WINDOWS\System32\ucrtbase.dll
0x00007ff883ff0000 - 0x00007ff884009000 	F:\Users\64466\.jdks\corretto-11.0.18\bin\VCRUNTIME140.dll
0x00007ff8852f0000 - 0x00007ff885307000 	F:\Users\64466\.jdks\corretto-11.0.18\bin\jli.dll
0x00007ff89f190000 - 0x00007ff89f33d000 	C:\WINDOWS\System32\USER32.dll
0x00007ff89d430000 - 0x00007ff89d456000 	C:\WINDOWS\System32\win32u.dll
0x00007ff889d80000 - 0x00007ff88a00e000 	C:\WINDOWS\WinSxS\amd64_microsoft.windows.common-controls_6595b64144ccf1df_6.0.22621.608_none_a9444ca7c10bb01d\COMCTL32.dll
0x00007ff89d530000 - 0x00007ff89d559000 	C:\WINDOWS\System32\GDI32.dll
0x00007ff89d470000 - 0x00007ff89d517000 	C:\WINDOWS\System32\msvcrt.dll
0x00007ff89d310000 - 0x00007ff89d423000 	C:\WINDOWS\System32\gdi32full.dll
0x00007ff89ce50000 - 0x00007ff89ceea000 	C:\WINDOWS\System32\msvcp_win.dll
0x00007ff89e1e0000 - 0x00007ff89e211000 	C:\WINDOWS\System32\IMM32.DLL
0x00007ff84ac10000 - 0x00007ff84acab000 	F:\Users\64466\.jdks\corretto-11.0.18\bin\msvcp140.dll
0x00007ff847e00000 - 0x00007ff84898a000 	F:\Users\64466\.jdks\corretto-11.0.18\bin\server\jvm.dll
0x00007ff89d6f0000 - 0x00007ff89d79e000 	C:\WINDOWS\System32\ADVAPI32.dll
0x00007ff89d640000 - 0x00007ff89d6e4000 	C:\WINDOWS\System32\sechost.dll
0x00007ff89dcb0000 - 0x00007ff89ddc5000 	C:\WINDOWS\System32\RPCRT4.dll
0x00007ff89d460000 - 0x00007ff89d468000 	C:\WINDOWS\System32\PSAPI.DLL
0x00007ff890d10000 - 0x00007ff890d19000 	C:\WINDOWS\SYSTEM32\WSOCK32.dll
0x00007ff8961e0000 - 0x00007ff896214000 	C:\WINDOWS\SYSTEM32\WINMM.dll
0x00007ff896100000 - 0x00007ff89610a000 	C:\WINDOWS\SYSTEM32\VERSION.dll
0x00007ff89e380000 - 0x00007ff89e3f1000 	C:\WINDOWS\System32\WS2_32.dll
0x00007ff89bbd0000 - 0x00007ff89bbe8000 	C:\WINDOWS\SYSTEM32\kernel.appcore.dll
0x00007ff88b6b0000 - 0x00007ff88b6c0000 	F:\Users\64466\.jdks\corretto-11.0.18\bin\verify.dll
0x00007ff891b10000 - 0x00007ff891d3e000 	C:\WINDOWS\SYSTEM32\DBGHELP.DLL
0x00007ff89de50000 - 0x00007ff89e1d9000 	C:\WINDOWS\System32\combase.dll
0x00007ff89d560000 - 0x00007ff89d637000 	C:\WINDOWS\System32\OLEAUT32.dll
0x00007ff885790000 - 0x00007ff8857c2000 	C:\WINDOWS\SYSTEM32\dbgcore.DLL
0x00007ff89d290000 - 0x00007ff89d30b000 	C:\WINDOWS\System32\bcryptPrimitives.dll
0x00007ff87aab0000 - 0x00007ff87aad8000 	F:\Users\64466\.jdks\corretto-11.0.18\bin\java.dll
0x00007ff8857e0000 - 0x00007ff8857ea000 	F:\Users\64466\.jdks\corretto-11.0.18\bin\jimage.dll
0x00007ff8904a0000 - 0x00007ff8904ae000 	F:\Users\64466\.jdks\corretto-11.0.18\bin\instrument.dll
0x00007ff883fd0000 - 0x00007ff883fe8000 	F:\Users\64466\.jdks\corretto-11.0.18\bin\zip.dll

dbghelp: loaded successfully - version: 4.0.5 - missing functions: none
symbol engine: initialized successfully - sym options: 0x614 - pdb path: .;F:\Users\64466\.jdks\corretto-11.0.18\bin;C:\WINDOWS\SYSTEM32;C:\WINDOWS\WinSxS\amd64_microsoft.windows.common-controls_6595b64144ccf1df_6.0.22621.608_none_a9444ca7c10bb01d;F:\Users\64466\.jdks\corretto-11.0.18\bin\server

VM Arguments:
jvm_args: -Xms30g -Xss256k -Xlog:gc -XX:+UseG1GC -Xmx30g -XX:TieredStopAtLevel=1 -Xverify:none -Dspring.output.ansi.enabled=always -Dcom.sun.management.jmxremote -Dspring.jmx.enabled=true -Dspring.liveBeansView.mbeanDomain -Dspring.application.admin.enabled=true -javaagent:F:\Program Files\JetBrains\IntelliJ IDEA 2022.2.1\lib\idea_rt.jar=63287:F:\Program Files\JetBrains\IntelliJ IDEA 2022.2.1\bin -Dfile.encoding=UTF-8 
java_command: com.demo.StartSpringBootApplication
java_class_path (initial): F:\Users\64466\Documents\Wrokspace\Java\microboot\microboot-web\build\classes\java\main;F:\Users\64466\Documents\Wrokspace\Java\microboot\microboot-web\build\resources\main;C:\Users\64466\.gradle\caches\modules-2\files-2.1\org.springframework.boot\spring-boot-devtools\2.4.3\e2f7257ad2eb471698154c7b229da7fecc480457\spring-boot-devtools-2.4.3.jar;C:\Users\64466\.gradle\caches\modules-2\files-2.1\org.springframework.boot\spring-boot-starter-aop\2.4.3\333593abae74bf7ecc883460751dcc69afb82604\spring-boot-starter-aop-2.4.3.jar;C:\Users\64466\.gradle\caches\modules-2\files-2.1\org.springframework.boot\spring-boot-starter-mail\2.4.3\c6d81043a714902fed45da0543891fb9783b5fa3\spring-boot-starter-mail-2.4.3.jar;C:\Users\64466\.gradle\caches\modules-2\files-2.1\com.alibaba\fastjson\1.2.80\89a8b8d8bae31dbca984e57e41573de942b1a14e\fastjson-1.2.80.jar;C:\Users\64466\.gradle\caches\modules-2\files-2.1\com.itextpdf\itextpdf\5.5.13.3\5282897d446c3b736d63ef6e83043eb6f1943b4e\itextpdf-5.5.13.3.jar;C:\Users\64466\.gradle\caches\modules-2\files-2.1\cn.afterturn\easypoi-spring-boot-starter\4.4.0\dc422d0ffaf5bd5ea782e508ea5eca7df11e3ab0\easypoi-spring-boot-starter-4.4.0.jar;C:\Users\64466\.gradle\caches\modules-2\files-2.1\org.projectlombok\lombok\1.18.26\8f8cf0372abf564913e9796623aac4c8ea44025a\lombok-1.18.26.jar;C:\Users\64466\.gradle\caches\modules-2\files-2.1\org.springframework.boot\spring-boot-starter-web\2.4.3\4f5554ea183af87e52d8c31bb82aada0d74c40b0\spring-boot-starter-web-2.4.3.jar;C:\Users\64466\.gradle\caches\modules-2\files-2.1\org.springframework.boot\spring-boot-starter-undertow\2.4.3\97bd5c32d9d240f0ccb22d233605a2845ece3d7f\spring-boot-starter-undertow-2.4.3.jar;C:\Users\64466\.gradle\caches\modules-2\files-2.1\org.springframework.boot\spring-boot-autoconfigure\2.4.3\2f8e1e682e55f70c8ea557982c7adb1256f41bcf\spring-boot-autoconfigure-2.4.3.jar;C:\Users\64466\.gradle\caches\modules-2\files-2.1\org.springframework.boot\spring-boot\2.4.3\de2bd17a8eb9b
Launcher Type: SUN_STANDARD

[Global flags]
     bool BytecodeVerificationLocal                = false                                     {product} {command line}
     bool BytecodeVerificationRemote               = false                                     {product} {command line}
     intx CICompilerCount                          = 4                                         {product} {ergonomic}
     uint ConcGCThreads                            = 3                                         {product} {ergonomic}
     uint G1ConcRefinementThreads                  = 10                                        {product} {ergonomic}
   size_t G1HeapRegionSize                         = 8388608                                   {product} {ergonomic}
    uintx GCDrainStackTargetSize                   = 64                                        {product} {ergonomic}
   size_t InitialHeapSize                          = 32212254720                               {product} {command line}
     bool ManagementServer                         = true                                      {product} {command line}
   size_t MarkStackSize                            = 4194304                                   {product} {ergonomic}
   size_t MaxHeapSize                              = 32212254720                               {product} {command line}
   size_t MinHeapDeltaBytes                        = 8388608                                   {product} {ergonomic}
    uintx NonNMethodCodeHeapSize                   = 7549744                                {pd product} {ergonomic}
    uintx NonProfiledCodeHeapSize                  = 244108496                              {pd product} {ergonomic}
    uintx ProfiledCodeHeapSize                     = 0                                      {pd product} {ergonomic}
    uintx ReservedCodeCacheSize                    = 251658240                              {pd product} {ergonomic}
     bool SegmentedCodeCache                       = true                                      {product} {ergonomic}
     intx ThreadStackSize                          = 256                                    {pd product} {command line}
     intx TieredStopAtLevel                        = 1                                         {product} {command line}
     bool UseCompressedClassPointers               = true                                 {lp64_product} {ergonomic}
     bool UseCompressedOops                        = true                                 {lp64_product} {ergonomic}
     bool UseG1GC                                  = true                                      {product} {command line}
     bool UseLargePagesIndividualAllocation        = false                                  {pd product} {ergonomic}

Logging:
Log output configuration:
 #0: stdout all=warning,gc=info uptime,level,tags (reconfigured)
 #1: stderr all=off uptime,level,tags

Environment Variables:
JAVA_HOME=F:\Users\64466\.jdks\corretto-11.0.18
CLASSPATH=.;F:\Users\64466\.jdks\corretto-11.0.18\lib
PATH=F:\Users\64466\.jdks\corretto-11.0.18\bin;F:\Users\64466\.jdks\corretto-1.8.0_362\bin;F:\Users\64466\.jdks\corretto-11.0.18\bin;F:\Users\64466\.jdks\corretto-11.0.18\bin;C:\WINDOWS\system32;C:\WINDOWS;C:\WINDOWS\System32\Wbem;C:\WINDOWS\System32\WindowsPowerShell\v1.0\;C:\WINDOWS\System32\OpenSSH\;e:\Program Files\Bandizip\;e:\Users\64466\AppData\Roaming\nvm;f:\Program Files\nodejs;f:\Program Files\Git\cmd;C:\Program Files (x86)\ZeroTier\One\;e:\Program Files (x86)\Tencent\微信web开发者工具\dll;F:\Program Files\TortoiseGit\bin;F:\Program Files\gradle-8.0.2\bin;C:\Users\64466\AppData\Local\pnpm;C:\Users\64466\AppData\Local\Microsoft\WindowsApps;e:\Users\64466\AppData\Roaming\nvm;f:\Program Files\nodejs;f:\Users\64466\AppData\Local\Programs\Microsoft VS Code\bin
USERNAME=64466
OS=Windows_NT
PROCESSOR_IDENTIFIER=AMD64 Family 23 Model 113 Stepping 0, AuthenticAMD
TMP=C:\Users\64466\AppData\Local\Temp
TEMP=C:\Users\64466\AppData\Local\Temp



---------------  S Y S T E M  ---------------

OS: Windows 11 , 64 bit Build 22621 (10.0.22621.1344)
OS uptime: 0 days 18:56 hours

CPU:total 12 (initial active 12) (12 cores per cpu, 2 threads per core) family 23 model 113 stepping 0 microcode 0x0, cmov, cx8, fxsr, mmx, sse, sse2, sse3, ssse3, sse4.1, sse4.2, popcnt, avx, avx2, aes, clmul, mmxext, 3dnowpref, lzcnt, sse4a, ht, tsc, tscinvbit, tscinv, bmi1, bmi2, adx, sha, fma

Memory: 4k page, system-wide physical 32690M (20391M free)
TotalPageFile size 44466M (AvailPageFile size 27654M)
current process WorkingSet (physical memory assigned to process): 12M, peak: 12M
current process commit charge ("private bytes"): 71M, peak: 30791M

vm_info: OpenJDK 64-Bit Server VM (11.0.18+10-LTS) for windows-amd64 JRE (11.0.18+10-LTS), built on Jan 10 2023 20:17:52 by "Administrator" with MS VC++ 15.9 (VS2017)

END.
