2023-07-05 17:01:02.529  INFO [32m[][0;39m 2164 --- [restartedMain] com.demo.StartSpringBootApplication      : Starting StartSpringBootApplication using Java 11.0.19 on tqy-t01 with PID 2164 (C:\Users\64466\IdeaProjects\microboot\microboot-web\build\classes\java\main started by 64466 in C:\Users\64466\IdeaProjects\microboot)
2023-07-05 17:01:02.529  INFO [32m[][0;39m 2164 --- [background-preinit] o.h.validator.internal.util.Version      : HV000001: Hibernate Validator 6.2.5.Final
2023-07-05 17:01:02.531  INFO [32m[][0;39m 2164 --- [restartedMain] com.demo.StartSpringBootApplication      : The following 1 profile is active: "env"
2023-07-05 17:01:02.578  INFO [32m[][0;39m 2164 --- [restartedMain] .e.DevToolsPropertyDefaultsPostProcessor : Devtools property defaults active! Set 'spring.devtools.add-properties' to 'false' to disable
2023-07-05 17:01:02.579  INFO [32m[][0;39m 2164 --- [restartedMain] .e.DevToolsPropertyDefaultsPostProcessor : For additional web related logging consider setting the 'logging.level.web' property to 'DEBUG'
2023-07-05 17:01:03.624  INFO [32m[][0;39m 2164 --- [restartedMain] .s.d.r.c.RepositoryConfigurationDelegate : Multiple Spring Data modules found, entering strict repository configuration mode
2023-07-05 17:01:03.625  INFO [32m[][0;39m 2164 --- [restartedMain] .s.d.r.c.RepositoryConfigurationDelegate : Bootstrapping Spring Data JPA repositories in DEFAULT mode.
2023-07-05 17:01:03.648  INFO [32m[][0;39m 2164 --- [restartedMain] .s.d.r.c.RepositoryConfigurationDelegate : Finished Spring Data repository scanning in 15 ms. Found 0 JPA repository interfaces.
2023-07-05 17:01:03.660  INFO [32m[][0;39m 2164 --- [restartedMain] .s.d.r.c.RepositoryConfigurationDelegate : Multiple Spring Data modules found, entering strict repository configuration mode
2023-07-05 17:01:03.661  INFO [32m[][0;39m 2164 --- [restartedMain] .s.d.r.c.RepositoryConfigurationDelegate : Bootstrapping Spring Data Redis repositories in DEFAULT mode.
2023-07-05 17:01:03.675  INFO [32m[][0;39m 2164 --- [restartedMain] .s.d.r.c.RepositoryConfigurationDelegate : Finished Spring Data repository scanning in 6 ms. Found 0 Redis repository interfaces.
2023-07-05 17:01:04.258  WARN [33m[][0;39m 2164 --- [restartedMain] io.undertow.websockets.jsr               : UT026010: Buffer pool was not set on WebSocketDeploymentInfo, the default pool will be used
2023-07-05 17:01:04.274  INFO [32m[][0;39m 2164 --- [restartedMain] io.undertow.servlet                      : Initializing Spring embedded WebApplicationContext
2023-07-05 17:01:04.275  INFO [32m[][0;39m 2164 --- [restartedMain] w.s.c.ServletWebServerApplicationContext : Root WebApplicationContext: initialization completed in 1696 ms
2023-07-05 17:01:04.534  INFO [32m[][0;39m 2164 --- [restartedMain] o.hibernate.jpa.internal.util.LogHelper  : HHH000204: Processing PersistenceUnitInfo [name: default]
2023-07-05 17:01:04.589  INFO [32m[][0;39m 2164 --- [restartedMain] org.hibernate.Version                    : HHH000412: Hibernate ORM core version 5.6.15.Final
2023-07-05 17:01:04.733  INFO [32m[][0;39m 2164 --- [restartedMain] o.hibernate.annotations.common.Version   : HCANN000001: Hibernate Commons Annotations {5.1.2.Final}
2023-07-05 17:01:04.846  INFO [32m[][0;39m 2164 --- [restartedMain] com.zaxxer.hikari.HikariDataSource       : HikariPool-1 - Starting...
2023-07-05 17:01:05.452  INFO [32m[][0;39m 2164 --- [restartedMain] com.zaxxer.hikari.HikariDataSource       : HikariPool-1 - Start completed.
2023-07-05 17:01:05.463  INFO [32m[][0;39m 2164 --- [restartedMain] org.hibernate.dialect.Dialect            : HHH000400: Using dialect: org.hibernate.dialect.MySQL57Dialect
2023-07-05 17:01:06.085  INFO [32m[][0;39m 2164 --- [restartedMain] o.h.e.t.j.p.i.JtaPlatformInitiator       : HHH000490: Using JtaPlatform implementation: [org.hibernate.engine.transaction.jta.platform.internal.NoJtaPlatform]
2023-07-05 17:01:06.118  INFO [32m[][0;39m 2164 --- [restartedMain] j.LocalContainerEntityManagerFactoryBean : Initialized JPA EntityManagerFactory for persistence unit 'default'
2023-07-05 17:01:07.029  WARN [33m[][0;39m 2164 --- [restartedMain] c.b.m.core.metadata.TableInfoHelper      : Can not find table primary key in Class: "com.demo.domain.Customers".
2023-07-05 17:01:07.033  WARN [33m[][0;39m 2164 --- [restartedMain] c.b.m.core.injector.DefaultSqlInjector   : class com.demo.domain.Customers ,Not found @TableId annotation, Cannot use Mybatis-Plus 'xxById' Method.
2023-07-05 17:01:07.489  WARN [33m[][0;39m 2164 --- [restartedMain] JpaBaseConfiguration$JpaWebConfiguration : spring.jpa.open-in-view is enabled by default. Therefore, database queries may be performed during view rendering. Explicitly configure spring.jpa.open-in-view to disable this warning
2023-07-05 17:01:08.287  INFO [32m[][0;39m 2164 --- [restartedMain] o.s.b.d.a.OptionalLiveReloadServer       : LiveReload server is running on port 35729
2023-07-05 17:01:08.323  INFO [32m[][0;39m 2164 --- [restartedMain] io.undertow                              : starting server: Undertow - 2.2.23.Final
2023-07-05 17:01:08.329  INFO [32m[][0;39m 2164 --- [restartedMain] org.xnio                                 : XNIO version 3.8.7.Final
2023-07-05 17:01:08.335  INFO [32m[][0;39m 2164 --- [restartedMain] org.xnio.nio                             : XNIO NIO Implementation Version 3.8.7.Final
2023-07-05 17:01:08.365  INFO [32m[][0;39m 2164 --- [restartedMain] org.jboss.threads                        : JBoss Threads version 3.1.0.Final
2023-07-05 17:01:08.401  INFO [32m[][0;39m 2164 --- [restartedMain] io.undertow                              : stopping server: Undertow - 2.2.23.Final
2023-07-05 17:01:08.404  WARN [33m[][0;39m 2164 --- [restartedMain] ConfigServletWebServerApplicationContext : Exception encountered during context initialization - cancelling refresh attempt: org.springframework.context.ApplicationContextException: Failed to start bean 'webServerStartStop'; nested exception is org.springframework.boot.web.server.PortInUseException: Port 80 is already in use
2023-07-05 17:01:08.422  INFO [32m[][0;39m 2164 --- [restartedMain] j.LocalContainerEntityManagerFactoryBean : Closing JPA EntityManagerFactory for persistence unit 'default'
2023-07-05 17:01:08.427  INFO [32m[][0;39m 2164 --- [restartedMain] com.zaxxer.hikari.HikariDataSource       : HikariPool-1 - Shutdown initiated...
2023-07-05 17:01:08.438  INFO [32m[][0;39m 2164 --- [restartedMain] com.zaxxer.hikari.HikariDataSource       : HikariPool-1 - Shutdown completed.
2023-07-05 17:01:08.451  INFO [32m[][0;39m 2164 --- [restartedMain] ConditionEvaluationReportLoggingListener : 

Error starting ApplicationContext. To display the conditions report re-run your application with 'debug' enabled.
2023-07-05 17:01:08.469 ERROR [31m[][0;39m 2164 --- [restartedMain] o.s.b.d.LoggingFailureAnalysisReporter   : 

***************************
APPLICATION FAILED TO START
***************************

Description:

Web server failed to start. Port 80 was already in use.

Action:

Identify and stop the process that's listening on port 80 or configure this application to listen on another port.

2023-07-05 17:01:25.877  INFO [32m[][0;39m 6640 --- [restartedMain] com.demo.StartSpringBootApplication      : Starting StartSpringBootApplication using Java 11.0.19 on tqy-t01 with PID 6640 (C:\Users\64466\IdeaProjects\microboot\microboot-web\build\classes\java\main started by 64466 in C:\Users\64466\IdeaProjects\microboot)
2023-07-05 17:01:25.879  INFO [32m[][0;39m 6640 --- [restartedMain] com.demo.StartSpringBootApplication      : The following 1 profile is active: "env"
2023-07-05 17:01:25.880  INFO [32m[][0;39m 6640 --- [background-preinit] o.h.validator.internal.util.Version      : HV000001: Hibernate Validator 6.2.5.Final
2023-07-05 17:01:25.918  INFO [32m[][0;39m 6640 --- [restartedMain] .e.DevToolsPropertyDefaultsPostProcessor : Devtools property defaults active! Set 'spring.devtools.add-properties' to 'false' to disable
2023-07-05 17:01:25.918  INFO [32m[][0;39m 6640 --- [restartedMain] .e.DevToolsPropertyDefaultsPostProcessor : For additional web related logging consider setting the 'logging.level.web' property to 'DEBUG'
2023-07-05 17:01:26.946  INFO [32m[][0;39m 6640 --- [restartedMain] .s.d.r.c.RepositoryConfigurationDelegate : Multiple Spring Data modules found, entering strict repository configuration mode
2023-07-05 17:01:26.947  INFO [32m[][0;39m 6640 --- [restartedMain] .s.d.r.c.RepositoryConfigurationDelegate : Bootstrapping Spring Data JPA repositories in DEFAULT mode.
2023-07-05 17:01:26.970  INFO [32m[][0;39m 6640 --- [restartedMain] .s.d.r.c.RepositoryConfigurationDelegate : Finished Spring Data repository scanning in 16 ms. Found 0 JPA repository interfaces.
2023-07-05 17:01:26.979  INFO [32m[][0;39m 6640 --- [restartedMain] .s.d.r.c.RepositoryConfigurationDelegate : Multiple Spring Data modules found, entering strict repository configuration mode
2023-07-05 17:01:26.980  INFO [32m[][0;39m 6640 --- [restartedMain] .s.d.r.c.RepositoryConfigurationDelegate : Bootstrapping Spring Data Redis repositories in DEFAULT mode.
2023-07-05 17:01:26.994  INFO [32m[][0;39m 6640 --- [restartedMain] .s.d.r.c.RepositoryConfigurationDelegate : Finished Spring Data repository scanning in 7 ms. Found 0 Redis repository interfaces.
2023-07-05 17:01:27.633  WARN [33m[][0;39m 6640 --- [restartedMain] io.undertow.websockets.jsr               : UT026010: Buffer pool was not set on WebSocketDeploymentInfo, the default pool will be used
2023-07-05 17:01:27.652  INFO [32m[][0;39m 6640 --- [restartedMain] io.undertow.servlet                      : Initializing Spring embedded WebApplicationContext
2023-07-05 17:01:27.652  INFO [32m[][0;39m 6640 --- [restartedMain] w.s.c.ServletWebServerApplicationContext : Root WebApplicationContext: initialization completed in 1733 ms
2023-07-05 17:01:27.914  INFO [32m[][0;39m 6640 --- [restartedMain] o.hibernate.jpa.internal.util.LogHelper  : HHH000204: Processing PersistenceUnitInfo [name: default]
2023-07-05 17:01:27.961  INFO [32m[][0;39m 6640 --- [restartedMain] org.hibernate.Version                    : HHH000412: Hibernate ORM core version 5.6.15.Final
2023-07-05 17:01:28.095  INFO [32m[][0;39m 6640 --- [restartedMain] o.hibernate.annotations.common.Version   : HCANN000001: Hibernate Commons Annotations {5.1.2.Final}
2023-07-05 17:01:28.221  INFO [32m[][0;39m 6640 --- [restartedMain] com.zaxxer.hikari.HikariDataSource       : HikariPool-1 - Starting...
2023-07-05 17:01:28.763  INFO [32m[][0;39m 6640 --- [restartedMain] com.zaxxer.hikari.HikariDataSource       : HikariPool-1 - Start completed.
2023-07-05 17:01:28.774  INFO [32m[][0;39m 6640 --- [restartedMain] org.hibernate.dialect.Dialect            : HHH000400: Using dialect: org.hibernate.dialect.MySQL57Dialect
2023-07-05 17:01:29.274  INFO [32m[][0;39m 6640 --- [restartedMain] o.h.e.t.j.p.i.JtaPlatformInitiator       : HHH000490: Using JtaPlatform implementation: [org.hibernate.engine.transaction.jta.platform.internal.NoJtaPlatform]
2023-07-05 17:01:29.301  INFO [32m[][0;39m 6640 --- [restartedMain] j.LocalContainerEntityManagerFactoryBean : Initialized JPA EntityManagerFactory for persistence unit 'default'
2023-07-05 17:01:30.215  WARN [33m[][0;39m 6640 --- [restartedMain] c.b.m.core.metadata.TableInfoHelper      : Can not find table primary key in Class: "com.demo.domain.Customers".
2023-07-05 17:01:30.218  WARN [33m[][0;39m 6640 --- [restartedMain] c.b.m.core.injector.DefaultSqlInjector   : class com.demo.domain.Customers ,Not found @TableId annotation, Cannot use Mybatis-Plus 'xxById' Method.
2023-07-05 17:01:30.601  WARN [33m[][0;39m 6640 --- [restartedMain] JpaBaseConfiguration$JpaWebConfiguration : spring.jpa.open-in-view is enabled by default. Therefore, database queries may be performed during view rendering. Explicitly configure spring.jpa.open-in-view to disable this warning
2023-07-05 17:01:31.325  INFO [32m[][0;39m 6640 --- [restartedMain] o.s.b.d.a.OptionalLiveReloadServer       : LiveReload server is running on port 35729
2023-07-05 17:01:31.359  INFO [32m[][0;39m 6640 --- [restartedMain] io.undertow                              : starting server: Undertow - 2.2.23.Final
2023-07-05 17:01:31.364  INFO [32m[][0;39m 6640 --- [restartedMain] org.xnio                                 : XNIO version 3.8.7.Final
2023-07-05 17:01:31.369  INFO [32m[][0;39m 6640 --- [restartedMain] org.xnio.nio                             : XNIO NIO Implementation Version 3.8.7.Final
2023-07-05 17:01:31.398  INFO [32m[][0;39m 6640 --- [restartedMain] org.jboss.threads                        : JBoss Threads version 3.1.0.Final
2023-07-05 17:01:31.429  INFO [32m[][0;39m 6640 --- [restartedMain] o.s.b.w.e.undertow.UndertowWebServer     : Undertow started on port(s) 80 (http)
2023-07-05 17:01:31.512  INFO [32m[][0;39m 6640 --- [restartedMain] io.undertow.servlet                      : Initializing Spring embedded WebApplicationContext
2023-07-05 17:01:31.513  INFO [32m[][0;39m 6640 --- [restartedMain] w.s.c.ServletWebServerApplicationContext : Root WebApplicationContext: initialization completed in 80 ms
2023-07-05 17:01:31.521  INFO [32m[][0;39m 6640 --- [restartedMain] o.s.b.a.e.web.EndpointLinksResolver      : Exposing 14 endpoint(s) beneath base path '/actuator'
2023-07-05 17:01:31.552  INFO [32m[][0;39m 6640 --- [restartedMain] io.undertow                              : starting server: Undertow - 2.2.23.Final
2023-07-05 17:01:31.561  INFO [32m[][0;39m 6640 --- [restartedMain] o.s.b.w.e.undertow.UndertowWebServer     : Undertow started on port(s) 9090 (http)
2023-07-05 17:01:31.574  INFO [32m[][0;39m 6640 --- [restartedMain] com.demo.StartSpringBootApplication      : Started StartSpringBootApplication in 6.18 seconds (JVM running for 7.393)
2023-07-05 17:01:32.804  INFO [32m[][0;39m 6640 --- [RMI TCP Connection(3)-192.168.137.1] io.undertow.servlet                      : Initializing Spring DispatcherServlet 'dispatcherServlet'
2023-07-05 17:01:32.804  INFO [32m[][0;39m 6640 --- [RMI TCP Connection(3)-192.168.137.1] o.s.web.servlet.DispatcherServlet        : Initializing Servlet 'dispatcherServlet'
2023-07-05 17:01:32.806  INFO [32m[][0;39m 6640 --- [RMI TCP Connection(3)-192.168.137.1] o.s.web.servlet.DispatcherServlet        : Completed initialization in 2 ms
2023-07-05 17:15:53.284  INFO [32m[][0;39m 6640 --- [XNIO-1 task-1] com.demo.interceptor.MDCInterceptor      : MDC操作记录开始：requestId = 1b675712-ae30-400c-8cc0-4e3c7813b8f6
2023-07-05 17:15:53.284  INFO [32m[][0;39m 6640 --- [XNIO-1 task-1] com.demo.interceptor.MDCInterceptor      : requestId = 1b675712-ae30-400c-8cc0-4e3c7813b8f6 , client = 0:0:0:0:0:0:0:1 , X-Forwarded-For = null
2023-07-05 17:15:53.341  INFO [32m[1b675712-ae30-400c-8cc0-4e3c7813b8f6][0;39m 6640 --- [XNIO-1 task-1] com.demo.interceptor.MDCInterceptor      : MDC操作记录结束，requestId = 1b675712-ae30-400c-8cc0-4e3c7813b8f6
2023-07-05 17:15:53.349  INFO [32m[][0;39m 6640 --- [XNIO-1 task-1] com.demo.interceptor.MDCInterceptor      : MDC操作记录开始：requestId = c18debe6-6323-4251-9de3-515fa9c72392
2023-07-05 17:15:53.349  INFO [32m[][0;39m 6640 --- [XNIO-1 task-1] com.demo.interceptor.MDCInterceptor      : requestId = c18debe6-6323-4251-9de3-515fa9c72392 , client = 0:0:0:0:0:0:0:1 , X-Forwarded-For = null
2023-07-05 17:15:53.364  INFO [32m[c18debe6-6323-4251-9de3-515fa9c72392][0;39m 6640 --- [XNIO-1 task-1] com.demo.interceptor.MDCInterceptor      : MDC操作记录结束，requestId = c18debe6-6323-4251-9de3-515fa9c72392
2023-07-05 17:15:53.449  INFO [32m[][0;39m 6640 --- [XNIO-1 task-1] com.demo.interceptor.MDCInterceptor      : MDC操作记录开始：requestId = 77e78535-83c7-48b3-bc81-8522f2ad5379
2023-07-05 17:15:53.449  INFO [32m[][0;39m 6640 --- [XNIO-1 task-1] com.demo.interceptor.MDCInterceptor      : requestId = 77e78535-83c7-48b3-bc81-8522f2ad5379 , client = 0:0:0:0:0:0:0:1 , X-Forwarded-For = null
2023-07-05 17:15:53.451  INFO [32m[77e78535-83c7-48b3-bc81-8522f2ad5379][0;39m 6640 --- [XNIO-1 task-1] com.demo.interceptor.MDCInterceptor      : MDC操作记录结束，requestId = 77e78535-83c7-48b3-bc81-8522f2ad5379
2023-07-05 17:15:53.451  INFO [32m[][0;39m 6640 --- [XNIO-1 task-1] com.demo.interceptor.MDCInterceptor      : MDC操作记录开始：requestId = 84b3a80c-fcee-4777-86e1-0732c3728d61
2023-07-05 17:15:53.452  INFO [32m[][0;39m 6640 --- [XNIO-1 task-1] com.demo.interceptor.MDCInterceptor      : requestId = 84b3a80c-fcee-4777-86e1-0732c3728d61 , client = 0:0:0:0:0:0:0:1 , X-Forwarded-For = null
2023-07-05 17:15:53.476  INFO [32m[84b3a80c-fcee-4777-86e1-0732c3728d61][0;39m 6640 --- [XNIO-1 task-1] com.demo.interceptor.MDCInterceptor      : MDC操作记录结束，requestId = 84b3a80c-fcee-4777-86e1-0732c3728d61
2023-07-05 17:16:09.078  INFO [32m[][0;39m 6640 --- [XNIO-1 task-1] com.demo.interceptor.MDCInterceptor      : MDC操作记录开始：requestId = 45dd6ca5-73e2-4426-afca-7b8a2fc4977a
2023-07-05 17:16:09.078  INFO [32m[][0;39m 6640 --- [XNIO-1 task-1] com.demo.interceptor.MDCInterceptor      : requestId = 45dd6ca5-73e2-4426-afca-7b8a2fc4977a , client = 0:0:0:0:0:0:0:1 , X-Forwarded-For = null
2023-07-05 17:16:09.079  INFO [32m[45dd6ca5-73e2-4426-afca-7b8a2fc4977a][0;39m 6640 --- [XNIO-1 task-1] com.demo.interceptor.MDCInterceptor      : MDC操作记录结束，requestId = 45dd6ca5-73e2-4426-afca-7b8a2fc4977a
2023-07-05 17:16:09.080  INFO [32m[][0;39m 6640 --- [XNIO-1 task-1] com.demo.interceptor.MDCInterceptor      : MDC操作记录开始：requestId = dd53ed78-dbc7-4280-87b1-b2a1ac810f3d
2023-07-05 17:16:09.080  INFO [32m[][0;39m 6640 --- [XNIO-1 task-1] com.demo.interceptor.MDCInterceptor      : requestId = dd53ed78-dbc7-4280-87b1-b2a1ac810f3d , client = 0:0:0:0:0:0:0:1 , X-Forwarded-For = null
2023-07-05 17:16:09.084  INFO [32m[dd53ed78-dbc7-4280-87b1-b2a1ac810f3d][0;39m 6640 --- [XNIO-1 task-1] com.demo.interceptor.MDCInterceptor      : MDC操作记录结束，requestId = dd53ed78-dbc7-4280-87b1-b2a1ac810f3d
2023-07-05 17:17:00.810  INFO [32m[][0;39m 6640 --- [XNIO-1 task-1] com.demo.interceptor.MDCInterceptor      : MDC操作记录开始：requestId = 74612a4f-a937-42f2-83f4-4a402dfcd7ba
2023-07-05 17:17:00.811  INFO [32m[][0;39m 6640 --- [XNIO-1 task-1] com.demo.interceptor.MDCInterceptor      : requestId = 74612a4f-a937-42f2-83f4-4a402dfcd7ba , client = 0:0:0:0:0:0:0:1 , X-Forwarded-For = null
2023-07-05 17:17:00.812  INFO [32m[74612a4f-a937-42f2-83f4-4a402dfcd7ba][0;39m 6640 --- [XNIO-1 task-1] com.demo.interceptor.MDCInterceptor      : MDC操作记录结束，requestId = 74612a4f-a937-42f2-83f4-4a402dfcd7ba
2023-07-05 17:17:00.812  INFO [32m[][0;39m 6640 --- [XNIO-1 task-1] com.demo.interceptor.MDCInterceptor      : MDC操作记录开始：requestId = 4287967b-f81b-4251-b6fb-40e4877f04bc
2023-07-05 17:17:00.812  INFO [32m[][0;39m 6640 --- [XNIO-1 task-1] com.demo.interceptor.MDCInterceptor      : requestId = 4287967b-f81b-4251-b6fb-40e4877f04bc , client = 0:0:0:0:0:0:0:1 , X-Forwarded-For = null
2023-07-05 17:17:00.816  INFO [32m[4287967b-f81b-4251-b6fb-40e4877f04bc][0;39m 6640 --- [XNIO-1 task-1] com.demo.interceptor.MDCInterceptor      : MDC操作记录结束，requestId = 4287967b-f81b-4251-b6fb-40e4877f04bc
2023-07-05 17:17:38.227  INFO [32m[][0;39m 6640 --- [XNIO-1 task-1] com.demo.interceptor.MDCInterceptor      : MDC操作记录开始：requestId = 7f99b1a3-0066-4fb6-a685-7667772676df
2023-07-05 17:17:38.227  INFO [32m[][0;39m 6640 --- [XNIO-1 task-1] com.demo.interceptor.MDCInterceptor      : requestId = 7f99b1a3-0066-4fb6-a685-7667772676df , client = 0:0:0:0:0:0:0:1 , X-Forwarded-For = null
2023-07-05 17:17:38.229  INFO [32m[7f99b1a3-0066-4fb6-a685-7667772676df][0;39m 6640 --- [XNIO-1 task-1] com.demo.interceptor.MDCInterceptor      : MDC操作记录结束，requestId = 7f99b1a3-0066-4fb6-a685-7667772676df
2023-07-05 17:17:38.230  INFO [32m[][0;39m 6640 --- [XNIO-1 task-1] com.demo.interceptor.MDCInterceptor      : MDC操作记录开始：requestId = 035f7296-d4bb-490f-be24-1e202f8ecf14
2023-07-05 17:17:38.230  INFO [32m[][0;39m 6640 --- [XNIO-1 task-1] com.demo.interceptor.MDCInterceptor      : requestId = 035f7296-d4bb-490f-be24-1e202f8ecf14 , client = 0:0:0:0:0:0:0:1 , X-Forwarded-For = null
2023-07-05 17:17:38.235  INFO [32m[035f7296-d4bb-490f-be24-1e202f8ecf14][0;39m 6640 --- [XNIO-1 task-1] com.demo.interceptor.MDCInterceptor      : MDC操作记录结束，requestId = 035f7296-d4bb-490f-be24-1e202f8ecf14
2023-07-05 17:18:13.946  INFO [32m[][0;39m 6640 --- [File Watcher] rtingClassPathChangeChangedEventListener : Restarting due to 1 class path change (0 additions, 1 deletion, 0 modifications)
2023-07-05 17:18:13.950  INFO [32m[][0;39m 6640 --- [Thread-5] io.undertow                              : stopping server: Undertow - 2.2.23.Final
2023-07-05 17:18:13.956  INFO [32m[][0;39m 6640 --- [Thread-5] io.undertow                              : stopping server: Undertow - 2.2.23.Final
2023-07-05 17:18:13.960  INFO [32m[][0;39m 6640 --- [Thread-5] io.undertow.servlet                      : Destroying Spring FrameworkServlet 'dispatcherServlet'
2023-07-05 17:18:14.084  INFO [32m[][0;39m 6640 --- [Thread-5] j.LocalContainerEntityManagerFactoryBean : Closing JPA EntityManagerFactory for persistence unit 'default'
2023-07-05 17:18:14.088  INFO [32m[][0;39m 6640 --- [Thread-5] com.zaxxer.hikari.HikariDataSource       : HikariPool-1 - Shutdown initiated...
2023-07-05 17:18:14.095  INFO [32m[][0;39m 6640 --- [Thread-5] com.zaxxer.hikari.HikariDataSource       : HikariPool-1 - Shutdown completed.
2023-07-05 17:18:14.208  INFO [32m[][0;39m 6640 --- [restartedMain] com.demo.StartSpringBootApplication      : Starting StartSpringBootApplication using Java 11.0.19 on tqy-t01 with PID 6640 (C:\Users\64466\IdeaProjects\microboot\microboot-web\build\classes\java\main started by 64466 in C:\Users\64466\IdeaProjects\microboot)
2023-07-05 17:18:14.208  INFO [32m[][0;39m 6640 --- [restartedMain] com.demo.StartSpringBootApplication      : The following 1 profile is active: "env"
2023-07-05 17:18:14.539  INFO [32m[][0;39m 6640 --- [restartedMain] .s.d.r.c.RepositoryConfigurationDelegate : Multiple Spring Data modules found, entering strict repository configuration mode
2023-07-05 17:18:14.540  INFO [32m[][0;39m 6640 --- [restartedMain] .s.d.r.c.RepositoryConfigurationDelegate : Bootstrapping Spring Data JPA repositories in DEFAULT mode.
2023-07-05 17:18:14.551  INFO [32m[][0;39m 6640 --- [restartedMain] .s.d.r.c.RepositoryConfigurationDelegate : Finished Spring Data repository scanning in 11 ms. Found 0 JPA repository interfaces.
2023-07-05 17:18:14.553  INFO [32m[][0;39m 6640 --- [restartedMain] .s.d.r.c.RepositoryConfigurationDelegate : Multiple Spring Data modules found, entering strict repository configuration mode
2023-07-05 17:18:14.553  INFO [32m[][0;39m 6640 --- [restartedMain] .s.d.r.c.RepositoryConfigurationDelegate : Bootstrapping Spring Data Redis repositories in DEFAULT mode.
2023-07-05 17:18:14.559  INFO [32m[][0;39m 6640 --- [restartedMain] .s.d.r.c.RepositoryConfigurationDelegate : Finished Spring Data repository scanning in 6 ms. Found 0 Redis repository interfaces.
2023-07-05 17:18:14.696  WARN [33m[][0;39m 6640 --- [restartedMain] io.undertow.websockets.jsr               : UT026010: Buffer pool was not set on WebSocketDeploymentInfo, the default pool will be used
2023-07-05 17:18:14.697  INFO [32m[][0;39m 6640 --- [restartedMain] io.undertow.servlet                      : Initializing Spring embedded WebApplicationContext
2023-07-05 17:18:14.697  INFO [32m[][0;39m 6640 --- [restartedMain] w.s.c.ServletWebServerApplicationContext : Root WebApplicationContext: initialization completed in 486 ms
2023-07-05 17:18:14.784  INFO [32m[][0;39m 6640 --- [restartedMain] o.hibernate.jpa.internal.util.LogHelper  : HHH000204: Processing PersistenceUnitInfo [name: default]
2023-07-05 17:18:14.790  INFO [32m[][0;39m 6640 --- [restartedMain] com.zaxxer.hikari.HikariDataSource       : HikariPool-2 - Starting...
2023-07-05 17:18:15.062  INFO [32m[][0;39m 6640 --- [restartedMain] com.zaxxer.hikari.HikariDataSource       : HikariPool-2 - Start completed.
2023-07-05 17:18:15.063  INFO [32m[][0;39m 6640 --- [restartedMain] org.hibernate.dialect.Dialect            : HHH000400: Using dialect: org.hibernate.dialect.MySQL57Dialect
2023-07-05 17:18:15.360  INFO [32m[][0;39m 6640 --- [restartedMain] o.h.e.t.j.p.i.JtaPlatformInitiator       : HHH000490: Using JtaPlatform implementation: [org.hibernate.engine.transaction.jta.platform.internal.NoJtaPlatform]
2023-07-05 17:18:15.360  INFO [32m[][0;39m 6640 --- [restartedMain] j.LocalContainerEntityManagerFactoryBean : Initialized JPA EntityManagerFactory for persistence unit 'default'
2023-07-05 17:18:15.766  WARN [33m[][0;39m 6640 --- [restartedMain] c.b.m.core.metadata.TableInfoHelper      : Can not find table primary key in Class: "com.demo.domain.Customers".
2023-07-05 17:18:15.766  WARN [33m[][0;39m 6640 --- [restartedMain] c.b.m.core.injector.DefaultSqlInjector   : class com.demo.domain.Customers ,Not found @TableId annotation, Cannot use Mybatis-Plus 'xxById' Method.
2023-07-05 17:18:15.866  WARN [33m[][0;39m 6640 --- [restartedMain] JpaBaseConfiguration$JpaWebConfiguration : spring.jpa.open-in-view is enabled by default. Therefore, database queries may be performed during view rendering. Explicitly configure spring.jpa.open-in-view to disable this warning
2023-07-05 17:18:16.175  INFO [32m[][0;39m 6640 --- [restartedMain] o.s.b.d.a.OptionalLiveReloadServer       : LiveReload server is running on port 35729
2023-07-05 17:18:16.188  INFO [32m[][0;39m 6640 --- [restartedMain] io.undertow                              : starting server: Undertow - 2.2.23.Final
2023-07-05 17:18:16.195  INFO [32m[][0;39m 6640 --- [restartedMain] o.s.b.w.e.undertow.UndertowWebServer     : Undertow started on port(s) 80 (http)
2023-07-05 17:18:16.251  INFO [32m[][0;39m 6640 --- [restartedMain] io.undertow.servlet                      : Initializing Spring embedded WebApplicationContext
2023-07-05 17:18:16.251  INFO [32m[][0;39m 6640 --- [restartedMain] w.s.c.ServletWebServerApplicationContext : Root WebApplicationContext: initialization completed in 54 ms
2023-07-05 17:18:16.256  INFO [32m[][0;39m 6640 --- [restartedMain] o.s.b.a.e.web.EndpointLinksResolver      : Exposing 14 endpoint(s) beneath base path '/actuator'
2023-07-05 17:18:16.273  INFO [32m[][0;39m 6640 --- [restartedMain] io.undertow                              : starting server: Undertow - 2.2.23.Final
2023-07-05 17:18:16.281  INFO [32m[][0;39m 6640 --- [restartedMain] o.s.b.w.e.undertow.UndertowWebServer     : Undertow started on port(s) 9090 (http)
2023-07-05 17:18:16.286  INFO [32m[][0;39m 6640 --- [restartedMain] com.demo.StartSpringBootApplication      : Started StartSpringBootApplication in 2.119 seconds (JVM running for 1012.105)
2023-07-05 17:18:16.287  INFO [32m[][0;39m 6640 --- [restartedMain] .ConditionEvaluationDeltaLoggingListener : Condition evaluation unchanged
2023-07-05 17:18:17.607  INFO [32m[][0;39m 6640 --- [File Watcher] rtingClassPathChangeChangedEventListener : Restarting due to 1 class path change (1 addition, 0 deletions, 0 modifications)
2023-07-05 17:18:17.608  INFO [32m[][0;39m 6640 --- [Thread-7] io.undertow                              : stopping server: Undertow - 2.2.23.Final
2023-07-05 17:18:17.613  INFO [32m[][0;39m 6640 --- [Thread-7] io.undertow                              : stopping server: Undertow - 2.2.23.Final
2023-07-05 17:18:17.620  INFO [32m[][0;39m 6640 --- [Thread-7] j.LocalContainerEntityManagerFactoryBean : Closing JPA EntityManagerFactory for persistence unit 'default'
2023-07-05 17:18:17.621  INFO [32m[][0;39m 6640 --- [Thread-7] com.zaxxer.hikari.HikariDataSource       : HikariPool-2 - Shutdown initiated...
2023-07-05 17:18:17.628  INFO [32m[][0;39m 6640 --- [Thread-7] com.zaxxer.hikari.HikariDataSource       : HikariPool-2 - Shutdown completed.
2023-07-05 17:18:17.699  INFO [32m[][0;39m 6640 --- [restartedMain] com.demo.StartSpringBootApplication      : Starting StartSpringBootApplication using Java 11.0.19 on tqy-t01 with PID 6640 (C:\Users\64466\IdeaProjects\microboot\microboot-web\build\classes\java\main started by 64466 in C:\Users\64466\IdeaProjects\microboot)
2023-07-05 17:18:17.699  INFO [32m[][0;39m 6640 --- [restartedMain] com.demo.StartSpringBootApplication      : The following 1 profile is active: "env"
2023-07-05 17:18:17.983  INFO [32m[][0;39m 6640 --- [restartedMain] .s.d.r.c.RepositoryConfigurationDelegate : Multiple Spring Data modules found, entering strict repository configuration mode
2023-07-05 17:18:17.983  INFO [32m[][0;39m 6640 --- [restartedMain] .s.d.r.c.RepositoryConfigurationDelegate : Bootstrapping Spring Data JPA repositories in DEFAULT mode.
2023-07-05 17:18:17.993  INFO [32m[][0;39m 6640 --- [restartedMain] .s.d.r.c.RepositoryConfigurationDelegate : Finished Spring Data repository scanning in 10 ms. Found 0 JPA repository interfaces.
2023-07-05 17:18:17.995  INFO [32m[][0;39m 6640 --- [restartedMain] .s.d.r.c.RepositoryConfigurationDelegate : Multiple Spring Data modules found, entering strict repository configuration mode
2023-07-05 17:18:17.995  INFO [32m[][0;39m 6640 --- [restartedMain] .s.d.r.c.RepositoryConfigurationDelegate : Bootstrapping Spring Data Redis repositories in DEFAULT mode.
2023-07-05 17:18:18.000  INFO [32m[][0;39m 6640 --- [restartedMain] .s.d.r.c.RepositoryConfigurationDelegate : Finished Spring Data repository scanning in 6 ms. Found 0 Redis repository interfaces.
2023-07-05 17:18:18.120  WARN [33m[][0;39m 6640 --- [restartedMain] io.undertow.websockets.jsr               : UT026010: Buffer pool was not set on WebSocketDeploymentInfo, the default pool will be used
2023-07-05 17:18:18.120  INFO [32m[][0;39m 6640 --- [restartedMain] io.undertow.servlet                      : Initializing Spring embedded WebApplicationContext
2023-07-05 17:18:18.121  INFO [32m[][0;39m 6640 --- [restartedMain] w.s.c.ServletWebServerApplicationContext : Root WebApplicationContext: initialization completed in 420 ms
2023-07-05 17:18:18.194  INFO [32m[][0;39m 6640 --- [restartedMain] o.hibernate.jpa.internal.util.LogHelper  : HHH000204: Processing PersistenceUnitInfo [name: default]
2023-07-05 17:18:18.202  INFO [32m[][0;39m 6640 --- [restartedMain] com.zaxxer.hikari.HikariDataSource       : HikariPool-3 - Starting...
2023-07-05 17:18:18.471  INFO [32m[][0;39m 6640 --- [restartedMain] com.zaxxer.hikari.HikariDataSource       : HikariPool-3 - Start completed.
2023-07-05 17:18:18.471  INFO [32m[][0;39m 6640 --- [restartedMain] org.hibernate.dialect.Dialect            : HHH000400: Using dialect: org.hibernate.dialect.MySQL57Dialect
2023-07-05 17:18:18.732  INFO [32m[][0;39m 6640 --- [restartedMain] o.h.e.t.j.p.i.JtaPlatformInitiator       : HHH000490: Using JtaPlatform implementation: [org.hibernate.engine.transaction.jta.platform.internal.NoJtaPlatform]
2023-07-05 17:18:18.733  INFO [32m[][0;39m 6640 --- [restartedMain] j.LocalContainerEntityManagerFactoryBean : Initialized JPA EntityManagerFactory for persistence unit 'default'
2023-07-05 17:18:19.135  WARN [33m[][0;39m 6640 --- [restartedMain] c.b.m.core.metadata.TableInfoHelper      : Can not find table primary key in Class: "com.demo.domain.Customers".
2023-07-05 17:18:19.135  WARN [33m[][0;39m 6640 --- [restartedMain] c.b.m.core.injector.DefaultSqlInjector   : class com.demo.domain.Customers ,Not found @TableId annotation, Cannot use Mybatis-Plus 'xxById' Method.
2023-07-05 17:18:19.231  WARN [33m[][0;39m 6640 --- [restartedMain] JpaBaseConfiguration$JpaWebConfiguration : spring.jpa.open-in-view is enabled by default. Therefore, database queries may be performed during view rendering. Explicitly configure spring.jpa.open-in-view to disable this warning
2023-07-05 17:18:19.536  INFO [32m[][0;39m 6640 --- [restartedMain] o.s.b.d.a.OptionalLiveReloadServer       : LiveReload server is running on port 35729
2023-07-05 17:18:19.547  INFO [32m[][0;39m 6640 --- [restartedMain] io.undertow                              : starting server: Undertow - 2.2.23.Final
2023-07-05 17:18:19.555  INFO [32m[][0;39m 6640 --- [restartedMain] o.s.b.w.e.undertow.UndertowWebServer     : Undertow started on port(s) 80 (http)
2023-07-05 17:18:19.606  INFO [32m[][0;39m 6640 --- [restartedMain] io.undertow.servlet                      : Initializing Spring embedded WebApplicationContext
2023-07-05 17:18:19.606  INFO [32m[][0;39m 6640 --- [restartedMain] w.s.c.ServletWebServerApplicationContext : Root WebApplicationContext: initialization completed in 49 ms
2023-07-05 17:18:19.613  INFO [32m[][0;39m 6640 --- [restartedMain] o.s.b.a.e.web.EndpointLinksResolver      : Exposing 14 endpoint(s) beneath base path '/actuator'
2023-07-05 17:18:19.635  INFO [32m[][0;39m 6640 --- [restartedMain] io.undertow                              : starting server: Undertow - 2.2.23.Final
2023-07-05 17:18:19.641  INFO [32m[][0;39m 6640 --- [restartedMain] o.s.b.w.e.undertow.UndertowWebServer     : Undertow started on port(s) 9090 (http)
2023-07-05 17:18:19.646  INFO [32m[][0;39m 6640 --- [restartedMain] com.demo.StartSpringBootApplication      : Started StartSpringBootApplication in 1.975 seconds (JVM running for 1015.466)
2023-07-05 17:18:19.648  INFO [32m[][0;39m 6640 --- [restartedMain] .ConditionEvaluationDeltaLoggingListener : Condition evaluation unchanged
2023-07-05 17:18:22.017  INFO [32m[][0;39m 6640 --- [XNIO-5 task-1] io.undertow.servlet                      : Initializing Spring DispatcherServlet 'dispatcherServlet'
2023-07-05 17:18:22.017  INFO [32m[][0;39m 6640 --- [XNIO-5 task-1] o.s.web.servlet.DispatcherServlet        : Initializing Servlet 'dispatcherServlet'
2023-07-05 17:18:22.018  INFO [32m[][0;39m 6640 --- [XNIO-5 task-1] o.s.web.servlet.DispatcherServlet        : Completed initialization in 1 ms
2023-07-05 17:18:22.019  INFO [32m[][0;39m 6640 --- [XNIO-5 task-1] com.demo.interceptor.MDCInterceptor      : MDC操作记录开始：requestId = e0766b88-04ed-4f51-839f-1d9ce1fbf997
2023-07-05 17:18:22.019  INFO [32m[][0;39m 6640 --- [XNIO-5 task-1] com.demo.interceptor.MDCInterceptor      : requestId = e0766b88-04ed-4f51-839f-1d9ce1fbf997 , client = 0:0:0:0:0:0:0:1 , X-Forwarded-For = null
2023-07-05 17:18:22.025  INFO [32m[e0766b88-04ed-4f51-839f-1d9ce1fbf997][0;39m 6640 --- [XNIO-5 task-1] com.demo.interceptor.MDCInterceptor      : MDC操作记录结束，requestId = e0766b88-04ed-4f51-839f-1d9ce1fbf997
2023-07-05 17:18:22.026  INFO [32m[][0;39m 6640 --- [XNIO-5 task-1] com.demo.interceptor.MDCInterceptor      : MDC操作记录开始：requestId = db1921c9-e427-4588-976d-1e6fbcc809e6
2023-07-05 17:18:22.027  INFO [32m[][0;39m 6640 --- [XNIO-5 task-1] com.demo.interceptor.MDCInterceptor      : requestId = db1921c9-e427-4588-976d-1e6fbcc809e6 , client = 0:0:0:0:0:0:0:1 , X-Forwarded-For = null
2023-07-05 17:18:22.031  INFO [32m[db1921c9-e427-4588-976d-1e6fbcc809e6][0;39m 6640 --- [XNIO-5 task-1] com.demo.interceptor.MDCInterceptor      : MDC操作记录结束，requestId = db1921c9-e427-4588-976d-1e6fbcc809e6
2023-07-05 17:18:39.264  INFO [32m[][0;39m 6640 --- [XNIO-5 task-1] com.demo.interceptor.MDCInterceptor      : MDC操作记录开始：requestId = fc456508-acb1-4197-8a88-ac26ebdeb748
2023-07-05 17:18:39.265  INFO [32m[][0;39m 6640 --- [XNIO-5 task-1] com.demo.interceptor.MDCInterceptor      : requestId = fc456508-acb1-4197-8a88-ac26ebdeb748 , client = 0:0:0:0:0:0:0:1 , X-Forwarded-For = null
2023-07-05 17:18:39.273  INFO [32m[fc456508-acb1-4197-8a88-ac26ebdeb748][0;39m 6640 --- [XNIO-5 task-1] com.demo.action.CronAction               : 动态修改Cron配置
2023-07-05 17:18:39.274  INFO [32m[fc456508-acb1-4197-8a88-ac26ebdeb748][0;39m 6640 --- [XNIO-5 task-1] com.demo.interceptor.MDCInterceptor      : MDC操作记录结束，requestId = fc456508-acb1-4197-8a88-ac26ebdeb748
2023-07-05 17:19:44.870  INFO [32m[][0;39m 6640 --- [XNIO-5 task-1] com.demo.interceptor.MDCInterceptor      : MDC操作记录开始：requestId = 82a2b854-7c3d-46f0-b50d-6cd132db72fa
2023-07-05 17:19:44.870  INFO [32m[][0;39m 6640 --- [XNIO-5 task-1] com.demo.interceptor.MDCInterceptor      : requestId = 82a2b854-7c3d-46f0-b50d-6cd132db72fa , client = 0:0:0:0:0:0:0:1 , X-Forwarded-For = null
2023-07-05 17:19:44.871  INFO [32m[82a2b854-7c3d-46f0-b50d-6cd132db72fa][0;39m 6640 --- [XNIO-5 task-1] com.demo.action.CronAction               : 动态修改Cron配置
2023-07-05 17:19:44.871  INFO [32m[82a2b854-7c3d-46f0-b50d-6cd132db72fa][0;39m 6640 --- [XNIO-5 task-1] com.demo.interceptor.MDCInterceptor      : MDC操作记录结束，requestId = 82a2b854-7c3d-46f0-b50d-6cd132db72fa
2023-07-06 11:48:05.825  INFO [32m[][0;39m 6640 --- [XNIO-5 task-1] com.demo.interceptor.MDCInterceptor      : MDC操作记录开始：requestId = 0966092a-12de-4eec-8c9d-59b0604fa54e
2023-07-06 11:48:05.825  INFO [32m[][0;39m 6640 --- [XNIO-5 task-1] com.demo.interceptor.MDCInterceptor      : requestId = 0966092a-12de-4eec-8c9d-59b0604fa54e , client = 0:0:0:0:0:0:0:1 , X-Forwarded-For = null
2023-07-06 11:48:05.826  INFO [32m[0966092a-12de-4eec-8c9d-59b0604fa54e][0;39m 6640 --- [XNIO-5 task-1] com.demo.action.CronAction               : 动态修改Cron配置
2023-07-06 11:48:05.827  INFO [32m[0966092a-12de-4eec-8c9d-59b0604fa54e][0;39m 6640 --- [XNIO-5 task-1] com.demo.interceptor.MDCInterceptor      : MDC操作记录结束，requestId = 0966092a-12de-4eec-8c9d-59b0604fa54e
2023-07-06 11:55:29.791  INFO [32m[][0;39m 6640 --- [SpringApplicationShutdownHook] io.undertow                              : stopping server: Undertow - 2.2.23.Final
2023-07-06 11:55:29.795  INFO [32m[][0;39m 6640 --- [SpringApplicationShutdownHook] io.undertow                              : stopping server: Undertow - 2.2.23.Final
2023-07-06 11:55:29.798  INFO [32m[][0;39m 6640 --- [SpringApplicationShutdownHook] io.undertow.servlet                      : Destroying Spring FrameworkServlet 'dispatcherServlet'
2023-07-06 11:55:29.812  INFO [32m[][0;39m 6640 --- [SpringApplicationShutdownHook] j.LocalContainerEntityManagerFactoryBean : Closing JPA EntityManagerFactory for persistence unit 'default'
2023-07-06 11:55:29.813  INFO [32m[][0;39m 6640 --- [SpringApplicationShutdownHook] com.zaxxer.hikari.HikariDataSource       : HikariPool-3 - Shutdown initiated...
2023-07-06 11:55:29.818  INFO [32m[][0;39m 6640 --- [SpringApplicationShutdownHook] com.zaxxer.hikari.HikariDataSource       : HikariPool-3 - Shutdown completed.
