2023-04-02 20:59:29.440  INFO [32m[][0;39m 772 --- [background-preinit] o.h.validator.internal.util.Version      : HV000001: Hibernate Validator 6.2.5.Final
2023-04-02 20:59:29.442  INFO [32m[][0;39m 772 --- [restartedMain] com.demo.StartSpringBootApplication      : Starting StartSpringBootApplication using Java 11.0.18 on Jijia with PID 772 (F:\自动备份\Wrokspace\Java\microboot\microboot-web\build\classes\java\main started by 64466 in F:\自动备份\Wrokspace\Java\microboot)
2023-04-02 20:59:29.443  INFO [32m[][0;39m 772 --- [restartedMain] com.demo.StartSpringBootApplication      : No active profile set, falling back to 1 default profile: "default"
2023-04-02 20:59:29.483  INFO [32m[][0;39m 772 --- [restartedMain] .e.DevToolsPropertyDefaultsPostProcessor : Devtools property defaults active! Set 'spring.devtools.add-properties' to 'false' to disable
2023-04-02 20:59:29.483  INFO [32m[][0;39m 772 --- [restartedMain] .e.DevToolsPropertyDefaultsPostProcessor : For additional web related logging consider setting the 'logging.level.web' property to 'DEBUG'
2023-04-02 20:59:30.789  WARN [33m[][0;39m 772 --- [restartedMain] io.undertow.websockets.jsr               : UT026010: Buffer pool was not set on WebSocketDeploymentInfo, the default pool will be used
2023-04-02 20:59:30.806  INFO [32m[][0;39m 772 --- [restartedMain] io.undertow.servlet                      : Initializing Spring embedded WebApplicationContext
2023-04-02 20:59:30.806  INFO [32m[][0;39m 772 --- [restartedMain] w.s.c.ServletWebServerApplicationContext : Root WebApplicationContext: initialization completed in 1322 ms
2023-04-02 20:59:31.530  INFO [32m[][0;39m 772 --- [restartedMain] o.s.b.d.a.OptionalLiveReloadServer       : LiveReload server is running on port 35729
2023-04-02 20:59:31.558  INFO [32m[][0;39m 772 --- [restartedMain] io.undertow                              : starting server: Undertow - 2.2.23.Final
2023-04-02 20:59:31.562  INFO [32m[][0;39m 772 --- [restartedMain] org.xnio                                 : XNIO version 3.8.7.Final
2023-04-02 20:59:31.567  INFO [32m[][0;39m 772 --- [restartedMain] org.xnio.nio                             : XNIO NIO Implementation Version 3.8.7.Final
2023-04-02 20:59:31.593  INFO [32m[][0;39m 772 --- [restartedMain] org.jboss.threads                        : JBoss Threads version 3.1.0.Final
2023-04-02 20:59:31.626  INFO [32m[][0;39m 772 --- [restartedMain] o.s.b.w.e.undertow.UndertowWebServer     : Undertow started on port(s) 80 (http)
2023-04-02 20:59:31.696  INFO [32m[][0;39m 772 --- [restartedMain] io.undertow.servlet                      : Initializing Spring embedded WebApplicationContext
2023-04-02 20:59:31.696  INFO [32m[][0;39m 772 --- [restartedMain] w.s.c.ServletWebServerApplicationContext : Root WebApplicationContext: initialization completed in 68 ms
2023-04-02 20:59:31.705  INFO [32m[][0;39m 772 --- [restartedMain] o.s.b.a.e.web.EndpointLinksResolver      : Exposing 14 endpoint(s) beneath base path '/actuator'
2023-04-02 20:59:31.736  INFO [32m[][0;39m 772 --- [restartedMain] io.undertow                              : starting server: Undertow - 2.2.23.Final
2023-04-02 20:59:31.748  INFO [32m[][0;39m 772 --- [restartedMain] o.s.b.w.e.undertow.UndertowWebServer     : Undertow started on port(s) 9090 (http)
2023-04-02 20:59:31.761  INFO [32m[][0;39m 772 --- [restartedMain] com.demo.StartSpringBootApplication      : Started StartSpringBootApplication in 2.75 seconds (JVM running for 3.887)
2023-04-02 20:59:32.587  INFO [32m[][0;39m 772 --- [RMI TCP Connection(5)-172.20.17.214] io.undertow.servlet                      : Initializing Spring DispatcherServlet 'dispatcherServlet'
2023-04-02 20:59:32.587  INFO [32m[][0;39m 772 --- [RMI TCP Connection(5)-172.20.17.214] o.s.web.servlet.DispatcherServlet        : Initializing Servlet 'dispatcherServlet'
2023-04-02 20:59:32.589  INFO [32m[][0;39m 772 --- [RMI TCP Connection(5)-172.20.17.214] o.s.web.servlet.DispatcherServlet        : Completed initialization in 2 ms
2023-04-02 20:59:53.750  INFO [32m[][0;39m 772 --- [XNIO-1 task-1] com.demo.interceptor.MDCInterceptor      : MDC操作记录开始：requestId = 11d99e42-cfe8-497a-8a21-8fb281f8778d
2023-04-02 20:59:53.751  INFO [32m[][0;39m 772 --- [XNIO-1 task-1] com.demo.interceptor.MDCInterceptor      : requestId = 11d99e42-cfe8-497a-8a21-8fb281f8778d , client = 127.0.0.1 , X-Forwarded-For = null
2023-04-02 20:59:53.815 ERROR [31m[][0;39m 772 --- [XNIO-1 task-1] com.demo.action.MessageAction            : 接收msg的请求参数，内容为：Message(msg=123, pubdate=Mon Feb 13 00:00:00 CST 2023, email=644@qq.com, level=null, flag=demo-101)
2023-04-02 20:59:53.821  WARN [33m[][0;39m 772 --- [XNIO-1 task-1] com.demo.action.MessageAction            : 接收msg的请求参数，内容为：Message(msg=123, pubdate=Mon Feb 13 00:00:00 CST 2023, email=644@qq.com, level=null, flag=demo-101)
2023-04-02 20:59:53.841  INFO [32m[][0;39m 772 --- [XNIO-1 task-1] com.demo.interceptor.MDCInterceptor      : MDC操作记录结束，requestId = 11d99e42-cfe8-497a-8a21-8fb281f8778d
